#
# A fatal error has been detected by the Java Runtime Environment:
#
#  EXCEPTION_ACCESS_VIOLATION (0xc0000005) at pc=0x0000016b9fec69d0, pid=26028, tid=22828
#
# JRE version: Java(TM) SE Runtime Environment (18.0.2.1+1) (build 18.0.2.1+1-1)
# Java VM: Java HotSpot(TM) 64-Bit Server VM (18.0.2.1+1-1, mixed mode, emulated-client, sharing, tiered, compressed oops, compressed class ptrs, g1 gc, windows-amd64)
# Problematic frame:
# v  ~BufferBlob::MethodHandles adapters
#
# No core dump will be written. Minidumps are not enabled by default on client versions of Windows
#
# If you would like to submit a bug report, please visit:
#   https://bugreport.java.com/bugreport/crash.jsp
#

---------------  S U M M A R Y ------------

Command Line: -XX:+ShowCodeDetailsInExceptionMessages -agentlib:jdwp=transport=dt_socket,suspend=y,address=localhost:57597 -Dcom.sun.management.jmxremote -Dcom.sun.management.jmxremote.port=57596 -Dcom.sun.management.jmxremote.authenticate=false -Dcom.sun.management.jmxremote.ssl=false -Djava.rmi.server.hostname=localhost -Dspring.jmx.enabled=true -Dspring.application.admin.enabled=true -Dserver.port=9010 -Dspring.datasource.username=postgres -Dspring.datasource.password=postgres -Dspring.config.location=D:/TEST/ -Dapp.key=letsbrakethechain -XX:TieredStopAtLevel=1 -Dspring.boot.project.name=ProductAndSales -javaagent:D:\spring-tool-suite-4-4.16.0.RELEASE-e4.25.0-win32.win32.x86_64.self-extracting\contents\sts-4.16.0.RELEASE\configuration\org.eclipse.osgi\268\0\.cp\lib\javaagent-shaded.jar -Dfile.encoding=UTF-8 com.sparksupport.productAndSales.ProductAndSalesApplication --spring.output.ansi.enabled=always

Host: 11th Gen Intel(R) Core(TM) i5-1135G7 @ 2.40GHz, 8 cores, 15G,  Windows 11 , 64 bit Build 22621 (10.0.22621.1778)
Time: Sat Jun 24 19:53:36 2023 India Standard Time elapsed time: 11622.446190 seconds (0d 3h 13m 42s)

---------------  T H R E A D  ---------------

Current thread (0x0000016bb7237340):  JavaThread "restartedMain" [_thread_in_Java, id=22828, stack(0x00000001a5400000,0x00000001a5500000)]

Stack: [0x00000001a5400000,0x00000001a5500000],  sp=0x00000001a54fd6a8,  free space=1013k
Native frames: (J=compiled Java code, j=interpreted, Vv=VM code, C=native code)
C  0x0000016b9fec69d0


siginfo: EXCEPTION_ACCESS_VIOLATION (0xc0000005), reading address 0xffffffffffffffff


Register to memory mapping:

RIP=0x0000016b9fec69d0 is at begin+68 in a stub
MethodHandle::interpreter_entry::_linkToSpecial [0x0000016b9fec698c, 0x0000016b9fec69db] (79 bytes)
RAX=0x0000016b9fe79dd2 is at code_begin+3186 in an Interpreter codelet
return entry points  [0x0000016b9fe79160, 0x0000016b9fe7b0a0]  8000 bytes
RBX=0xe0e606c500000000 is an unknown value
RCX=0x00000001a54fd6b0 is pointing into the stack for thread: 0x0000016bb7237340
RDX=0x0000000000000002 is an unknown value
RSP=0x00000001a54fd6a8 is pointing into the stack for thread: 0x0000016bb7237340
RBP=0x00000001a54fd6f8 is pointing into the stack for thread: 0x0000016bb7237340
RSI=0x0000016bb69aac58 points into unknown readable memory: 0x80003e67e5f3c0a5 | a5 c0 f3 e5 67 3e 00 80
RDI=0x0000016bb731a230 points into unknown readable memory: 0x0000001800000070 | 70 00 00 00 18 00 00 00
R8 =0x0000000000000004 is an unknown value
R9 =0x0000000000000004 is an unknown value
R10=0x00007ffee1158970 jvm.dll
R11={method} {0x00000008000c8c50} 'newInvokeSpecial' '(Ljava/lang/Object;)Ljava/lang/Object;' in 'java/lang/invoke/DirectMethodHandle$Holder'
R12=0x0 is NULL
R13=0x00000001a54fd6a8 is pointing into the stack for thread: 0x0000016bb7237340
R14=0x00000001a54fd718 is pointing into the stack for thread: 0x0000016bb7237340
R15=0x0000016bb7237340 is a thread


Registers:
RAX=0x0000016b9fe79dd2, RBX=0xe0e606c500000000, RCX=0x00000001a54fd6b0, RDX=0x0000000000000002
RSP=0x00000001a54fd6a8, RBP=0x00000001a54fd6f8, RSI=0x0000016bb69aac58, RDI=0x0000016bb731a230
R8 =0x0000000000000004, R9 =0x0000000000000004, R10=0x00007ffee1158970, R11=0x00000008000c8c48
R12=0x0000000000000000, R13=0x00000001a54fd6a8, R14=0x00000001a54fd718, R15=0x0000016bb7237340
RIP=0x0000016b9fec69d0, EFLAGS=0x0000000000010202

Top of Stack: (sp=0x00000001a54fd6a8)
0x00000001a54fd6a8:   0000016b9fe79dd2 00000001a54fd6b0
0x00000001a54fd6b8:   00000008006df1ef 00000001a54fd718
0x00000001a54fd6c8:   00000008000c4a00 00000001a54fe8e8
0x00000001a54fd6d8:   00000007035ce000 00000008000c8c48
0x00000001a54fd6e8:   00000001a54fd6a8 00000001a54fd720
0x00000001a54fd6f8:   00000001a54fe8e8 0000016ba0418596
0x00000001a54fd708:   0000000707303530 00000007073035d8
0x00000001a54fd718:   0000000707303590 0000000706291c08
0x00000001a54fd728:   0000000703e0cdc0 0000000707303308
0x00000001a54fd738:   00007ffee0c2df75 00000001a54fe8e8
0x00000001a54fd748:   0000016ba044abd4 0000000000000000
0x00000001a54fd758:   0000016b9ff9de84 00000001a54fd7c0
0x00000001a54fd768:   0000016bb7237340 0000000000000002
0x00000001a54fd778:   00007ffee07c51b7 0000000707303308
0x00000001a54fd788:   0000000703a7c540 0000016bb7237340
0x00000001a54fd798:   0000000708e2e128 0000000708e2e128 

Instructions: (pc=0x0000016b9fec69d0)
0x0000016b9fec68d0:   bf 80 04 00 00 00 74 03 ff 63 38 ff 63 50 e9 9d
0x0000016b9fec68e0:   aa fd ff 66 66 66 0f 1f 84 00 00 00 00 00 66 66
0x0000016b9fec68f0:   66 90 66 66 0f 1f 84 00 00 00 00 00 66 66 66 90
0x0000016b9fec6900:   48 8b 53 08 0f b7 52 2c 48 8b 0c d4 58 5b 50 44
0x0000016b9fec6910:   8b 51 08 49 bb 00 00 00 00 08 00 00 00 4d 03 d3
0x0000016b9fec6920:   4c 8b 5b 10 4b 8b 9c da b8 01 00 00 48 85 db 0f
0x0000016b9fec6930:   84 10 00 00 00 41 80 bf 80 04 00 00 00 74 03 ff
0x0000016b9fec6940:   63 38 ff 63 50 e9 36 aa fd ff 66 66 66 0f 1f 84
0x0000016b9fec6950:   00 00 00 00 00 66 66 66 90 0f 1f 80 00 00 00 00
0x0000016b9fec6960:   58 5b 50 8b 5b 24 48 c1 e3 03 48 8b 5b 10 48 85
0x0000016b9fec6970:   db 0f 84 10 00 00 00 41 80 bf 80 04 00 00 00 74
0x0000016b9fec6980:   03 ff 63 38 ff 63 50 e9 f4 a9 fd ff 66 66 66 0f
0x0000016b9fec6990:   1f 84 00 00 00 00 00 66 66 66 90 0f 1f 44 00 00
0x0000016b9fec69a0:   48 8b 53 08 0f b7 52 2c 48 8b 0c d4 58 5b 50 48
0x0000016b9fec69b0:   3b 01 8b 5b 24 48 c1 e3 03 48 8b 5b 10 48 85 db
0x0000016b9fec69c0:   0f 84 10 00 00 00 41 80 bf 80 04 00 00 00 74 03
0x0000016b9fec69d0:   ff 63 38 ff 63 50 e9 a5 a9 fd ff 0f 1f 44 00 00
0x0000016b9fec69e0:   48 8b 53 08 0f b7 52 2c 48 8b 0c d4 58 5b 50 44
0x0000016b9fec69f0:   8b 51 08 49 bb 00 00 00 00 08 00 00 00 4d 03 d3
0x0000016b9fec6a00:   8b 43 18 48 c1 e0 03 48 8b 40 10 48 8b 5b 10 45
0x0000016b9fec6a10:   8b 9a a0 00 00 00 4f 8d 9c da b8 01 00 00 4d 8d
0x0000016b9fec6a20:   14 da 49 8b 1b 48 3b c3 74 15 48 85 db 0f 84 32
0x0000016b9fec6a30:   00 00 00 49 83 c3 10 49 8b 1b 48 3b c3 75 eb 45
0x0000016b9fec6a40:   8b 5b 08 4b 8b 1c 1a 48 85 db 0f 84 10 00 00 00
0x0000016b9fec6a50:   41 80 bf 80 04 00 00 00 74 03 ff 63 38 ff 63 50
0x0000016b9fec6a60:   e9 1b a9 fd ff e9 16 a6 fd ff f4 00 00 00 00 00
0x0000016b9fec6a70:   00 00 00 00 00 00 00 00 00 00 00 00 00 00 00 00
0x0000016b9fec6a80:   00 00 00 00 00 00 00 00 00 00 00 00 00 00 00 00
0x0000016b9fec6a90:   00 00 00 00 00 00 00 00 00 00 00 00 00 00 00 00
0x0000016b9fec6aa0:   00 00 00 00 00 00 00 00 00 00 00 00 00 00 00 00
0x0000016b9fec6ab0:   00 00 00 00 00 00 00 00 00 00 00 00 00 00 00 00
0x0000016b9fec6ac0:   00 00 00 00 00 00 00 00 00 00 00 00 00 00 00 00 


Stack slot to memory mapping:
stack at sp + 0 slots: 0x0000016b9fe79dd2 is at code_begin+3186 in an Interpreter codelet
return entry points  [0x0000016b9fe79160, 0x0000016b9fe7b0a0]  8000 bytes
stack at sp + 1 slots: 0x00000001a54fd6b0 is pointing into the stack for thread: 0x0000016bb7237340
stack at sp + 2 slots: 0x00000008006df1ef is pointing into metadata
stack at sp + 3 slots: 0x00000001a54fd718 is pointing into the stack for thread: 0x0000016bb7237340
stack at sp + 4 slots: 0x00000008000c4a00 is pointing into metadata
stack at sp + 5 slots: 0x00000001a54fe8e8 is pointing into the stack for thread: 0x0000016bb7237340
stack at sp + 6 slots: 0x00000007035ce000 is an oop: java.lang.Class 
{0x00000007035ce000} - klass: 'java/lang/Class'
 - ---- fields (total size 14 words):
 - private volatile transient 'classRedefinedCount' 'I' @12  0
 - abstract internal 'klass' 'J' @16  34360542752 (c4620 8)
 - abstract internal 'array_klass' 'J' @24  0 (0 0)
 - abstract internal 'oop_size' 'I' @32  14 (e)
 - abstract internal 'static_oop_field_count' 'I' @36  0
 - private volatile transient 'cachedConstructor' 'Ljava/lang/reflect/Constructor;' @40  NULL (0)
 - private transient 'name' 'Ljava/lang/String;' @44  "java.lang.invoke.DirectMethodHandle$Holder"{0x0000000703cd1e90} (e079a3d2)
 - private transient 'module' 'Ljava/lang/Module;' @48  a 'java/lang/Module'{0x00000007035ab388} (e06b5671)
 - private final 'classLoader' 'Ljava/lang/ClassLoader;' @52  NULL (0)
 - private transient 'classData' 'Ljava/lang/Object;' @56  NULL (0)
 - private transient 'packageName' 'Ljava/lang/String;' @60  NULL (0)
 - private final 'componentType' 'Ljava/lang/Class;' @64  NULL (0)
 - private volatile transient 'reflectionData' 'Ljava/lang/ref/SoftReference;' @68  NULL (0)
 - private volatile transient 'genericInfo' 'Lsun/reflect/generics/repository/ClassRepository;' @72  NULL (0)
 - private volatile transient 'enumConstants' '[Ljava/lang/Object;' @76  NULL (0)
 - private volatile transient 'enumConstantDirectory' 'Ljava/util/Map;' @80  NULL (0)
 - private volatile transient 'annotationData' 'Ljava/lang/Class$AnnotationData;' @84  NULL (0)
 - private volatile transient 'annotationType' 'Lsun/reflect/annotation/AnnotationType;' @88  NULL (0)
 - transient 'classValueMap' 'Ljava/lang/ClassValue$ClassValueMap;' @92  NULL (0)
 - abstract internal 'protection_domain' 'Ljava/lang/Object;' @96  NULL (0)
 - abstract internal 'signers_name' 'Ljava/lang/Object;' @100  NULL (0)
 - abstract internal 'source_file' 'Ljava/lang/Object;' @104  "DirectMethodHandle$Holder"{0x0000000704365fb0} (e086cbf6)
 - signature: Ljava/lang/invoke/DirectMethodHandle$Holder;
 - ---- static fields (0):
stack at sp + 7 slots: {method} {0x00000008000c8c50} 'newInvokeSpecial' '(Ljava/lang/Object;)Ljava/lang/Object;' in 'java/lang/invoke/DirectMethodHandle$Holder'

MethodHandle::interpreter_entry::_linkToSpecial [0x0000016b9fec698c, 0x0000016b9fec69db] (79 bytes)
[MachCode]
  0x0000016b9fec698c: 6666 660f | 1f84 0000 | 0000 0066 | 6666 900f | 1f44 0000 | 488b 5308 | 0fb7 522c | 488b 0cd4 
  0x0000016b9fec69ac: 585b 5048 | 3b01 8b5b | 2448 c1e3 | 0348 8b5b | 1048 85db | 0f84 1000 | 0000 4180 | bf80 0400 
  0x0000016b9fec69cc: 0000 7403 | ff63 38ff | 6350 e9a5 | 
[/MachCode]

---------------  P R O C E S S  ---------------

Threads class SMR info:
_java_thread_list=0x0000016bb6917250, length=32, elements={
0x0000016baef4eb20, 0x0000016baef533e0, 0x0000016baef69580, 0x0000016baef69e30,
0x0000016baef6e700, 0x0000016baef6efb0, 0x0000016baef79d00, 0x0000016baef82600,
0x0000016baef3aca0, 0x0000016bb351cdb0, 0x0000016bb3521c60, 0x0000016bb3522140,
0x0000016bb3ee31c0, 0x0000016bb4003d20, 0x0000016bb3fff750, 0x0000016bb400dac0,
0x0000016bb45a6860, 0x0000016bb45c6010, 0x0000016bb4252570, 0x0000016bb4613530,
0x0000016bb63bca00, 0x0000016bb63c38b0, 0x0000016bb63bfa20, 0x0000016bb63bfef0,
0x0000016bb63bd3a0, 0x0000016bb72347f0, 0x0000016bb7237340, 0x0000016bb7238b50,
0x0000016bb7234cc0, 0x0000016bb72369a0, 0x0000016bb72394f0, 0x0000016bb7237ce0
}

Java Threads: ( => current thread )
  0x0000016baef4eb20 JavaThread "Reference Handler" daemon [_thread_blocked, id=19728, stack(0x00000001a3200000,0x00000001a3300000)]
  0x0000016baef533e0 JavaThread "Finalizer" daemon [_thread_blocked, id=27440, stack(0x00000001a3300000,0x00000001a3400000)]
  0x0000016baef69580 JavaThread "Signal Dispatcher" daemon [_thread_blocked, id=15596, stack(0x00000001a3400000,0x00000001a3500000)]
  0x0000016baef69e30 JavaThread "Attach Listener" daemon [_thread_blocked, id=24472, stack(0x00000001a3500000,0x00000001a3600000)]
  0x0000016baef6e700 JavaThread "Service Thread" daemon [_thread_blocked, id=10432, stack(0x00000001a3600000,0x00000001a3700000)]
  0x0000016baef6efb0 JavaThread "Monitor Deflation Thread" daemon [_thread_blocked, id=24432, stack(0x00000001a3700000,0x00000001a3800000)]
  0x0000016baef79d00 JavaThread "C1 CompilerThread0" daemon [_thread_blocked, id=20264, stack(0x00000001a3800000,0x00000001a3900000)]
  0x0000016baef82600 JavaThread "Sweeper thread" daemon [_thread_blocked, id=20412, stack(0x00000001a3900000,0x00000001a3a00000)]
  0x0000016baef3aca0 JavaThread "Common-Cleaner" daemon [_thread_blocked, id=18140, stack(0x00000001a3a00000,0x00000001a3b00000)]
  0x0000016bb351cdb0 JavaThread "JDWP Transport Listener: dt_socket" daemon [_thread_blocked, id=27212, stack(0x00000001a3d00000,0x00000001a3e00000)]
  0x0000016bb3521c60 JavaThread "JDWP Event Helper Thread" daemon [_thread_blocked, id=24740, stack(0x00000001a3e00000,0x00000001a3f00000)]
  0x0000016bb3522140 JavaThread "JDWP Command Reader" daemon [_thread_blocked, id=12620, stack(0x00000001a3f00000,0x00000001a4000000)]
  0x0000016bb3ee31c0 JavaThread "Notification Thread" daemon [_thread_blocked, id=26848, stack(0x00000001a4100000,0x00000001a4200000)]
  0x0000016bb4003d20 JavaThread "RMI TCP Accept-0" daemon [_thread_in_native, id=21320, stack(0x00000001a4200000,0x00000001a4300000)]
  0x0000016bb3fff750 JavaThread "RMI TCP Accept-57596" daemon [_thread_in_native, id=4036, stack(0x00000001a4300000,0x00000001a4400000)]
  0x0000016bb400dac0 JavaThread "RMI TCP Accept-0" daemon [_thread_in_native, id=24560, stack(0x00000001a4400000,0x00000001a4500000)]
  0x0000016bb45a6860 JavaThread "RMI Scheduler(0)" daemon [_thread_blocked, id=16020, stack(0x00000001a5000000,0x00000001a5100000)]
  0x0000016bb45c6010 JavaThread "RMI TCP Connection(idle)" daemon [_thread_blocked, id=156, stack(0x00000001a5100000,0x00000001a5200000)]
  0x0000016bb4252570 JavaThread "JMX server connection timeout 25" daemon [_thread_blocked, id=20156, stack(0x00000001a5200000,0x00000001a5300000)]
  0x0000016bb4613530 JavaThread "Live Reload Server" daemon [_thread_in_native, id=24200, stack(0x00000001a5e00000,0x00000001a5f00000)]
  0x0000016bb63bca00 JavaThread "DestroyJavaVM" [_thread_blocked, id=2660, stack(0x00000001a2b00000,0x00000001a2c00000)]
  0x0000016bb63c38b0 JavaThread "File Watcher" daemon [_thread_blocked, id=16368, stack(0x00000001a2a00000,0x00000001a2b00000)]
  0x0000016bb63bfa20 JavaThread "File Watcher" daemon [_thread_blocked, id=15744, stack(0x00000001a4000000,0x00000001a4100000)]
  0x0000016bb63bfef0 JavaThread "File Watcher" daemon [_thread_blocked, id=19048, stack(0x00000001a4f00000,0x00000001a5000000)]
  0x0000016bb63bd3a0 JavaThread "File Watcher" daemon [_thread_blocked, id=5476, stack(0x00000001a5300000,0x00000001a5400000)]
  0x0000016bb72347f0 JavaThread "Thread-205" [_thread_blocked, id=22160, stack(0x00000001a3c00000,0x00000001a3d00000)]
=>0x0000016bb7237340 JavaThread "restartedMain" [_thread_in_Java, id=22828, stack(0x00000001a5400000,0x00000001a5500000)]
  0x0000016bb7238b50 JavaThread "Catalina-utility-1" [_thread_blocked, id=17376, stack(0x00000001a5600000,0x00000001a5700000)]
  0x0000016bb7234cc0 JavaThread "Catalina-utility-2" [_thread_blocked, id=8024, stack(0x00000001a5700000,0x00000001a5800000)]
  0x0000016bb72369a0 JavaThread "container-4" [_thread_blocked, id=25248, stack(0x00000001a5800000,0x00000001a5900000)]
  0x0000016bb72394f0 JavaThread "PostgreSQL-JDBC-SharedTimer-37" daemon [_thread_blocked, id=20792, stack(0x00000001a5900000,0x00000001a5a00000)]
  0x0000016bb7237ce0 JavaThread "HikariPool-37 housekeeper" daemon [_thread_blocked, id=25780, stack(0x00000001a5a00000,0x00000001a5b00000)]

Other Threads:
  0x0000016b985f1900 VMThread "VM Thread" [stack: 0x00000001a3100000,0x00000001a3200000] [id=2016] _threads_hazard_ptr=0x0000016bb6917250
  0x0000016bb4019ed0 WatcherThread "VM Periodic Task Thread" [stack: 0x00000001a4500000,0x00000001a4600000] [id=10040]
  0x0000016b985d0030 WorkerThread "GC Thread#0" [stack: 0x00000001a2c00000,0x00000001a2d00000] [id=26320]
  0x0000016bb400e7c0 WorkerThread "GC Thread#1" [stack: 0x00000001a4600000,0x00000001a4700000] [id=22800]
  0x0000016bb4108330 WorkerThread "GC Thread#2" [stack: 0x00000001a4700000,0x00000001a4800000] [id=23728]
  0x0000016bb3fffc10 WorkerThread "GC Thread#3" [stack: 0x00000001a4800000,0x00000001a4900000] [id=25692]
  0x0000016bb4082450 WorkerThread "GC Thread#4" [stack: 0x00000001a4900000,0x00000001a4a00000] [id=21316]
  0x0000016bb40fdae0 WorkerThread "GC Thread#5" [stack: 0x00000001a4a00000,0x00000001a4b00000] [id=22732]
  0x0000016bb41291b0 WorkerThread "GC Thread#6" [stack: 0x00000001a4b00000,0x00000001a4c00000] [id=20008]
  0x0000016bb4129450 WorkerThread "GC Thread#7" [stack: 0x00000001a4c00000,0x00000001a4d00000] [id=26376]
  0x0000016b985e09e0 ConcurrentGCThread "G1 Main Marker" [stack: 0x00000001a2d00000,0x00000001a2e00000] [id=6836]
  0x0000016b985e1180 WorkerThread "G1 Conc#0" [stack: 0x00000001a2e00000,0x00000001a2f00000] [id=25680]
  0x0000016bb4659590 WorkerThread "G1 Conc#1" [stack: 0x00000001a5500000,0x00000001a5600000] [id=7676]
  0x0000016baee01fb0 ConcurrentGCThread "G1 Refine#0" [stack: 0x00000001a2f00000,0x00000001a3000000] [id=26288]
  0x0000016bb3553020 ConcurrentGCThread "G1 Refine#1" [stack: 0x00000001a4d00000,0x00000001a4e00000] [id=26192]
  0x0000016bb35532f0 ConcurrentGCThread "G1 Refine#2" [stack: 0x00000001a4e00000,0x00000001a4f00000] [id=16476]
  0x0000016baee04a80 ConcurrentGCThread "G1 Service" [stack: 0x00000001a3000000,0x00000001a3100000] [id=24572]

Threads with active compile tasks:

VM state: synchronizing (normal execution)

VM Mutex/Monitor currently owned by a thread:  ([mutex/lock_event])
[0x0000016b9855b7a0] Threads_lock - owner thread: 0x0000016b985f1900

Heap address: 0x0000000703200000, size: 4046 MB, Compressed Oops mode: Zero based, Oop shift amount: 3

CDS archive(s) mapped at: [0x0000000800000000-0x0000000800ba0000-0x0000000800ba0000), size 12189696, SharedBaseAddress: 0x0000000800000000, ArchiveRelocationMode: 0.
Compressed class space mapped at: 0x0000000800c00000-0x0000000840c00000, reserved size: 1073741824
Narrow klass base: 0x0000000800000000, Narrow klass shift: 0, Narrow klass range: 0x100000000

GC Precious Log:
 CardTable entry size: 512
 Card Set container configuration: InlinePtr #cards 4 size 8 Array Of Cards #cards 16 size 48 Howl #buckets 8 coarsen threshold 3686 Howl Bitmap #cards 512 size 80 coarsen threshold 460 Card regions per heap region 1 cards per card region 4096
 CPUs: 8 total, 8 available
 Memory: 16179M
 Large Page Support: Disabled
 NUMA Support: Disabled
 Compressed Oops: Enabled (Zero based)
 Heap Region Size: 2M
 Heap Min Capacity: 8M
 Heap Initial Capacity: 254M
 Heap Max Capacity: 4046M
 Pre-touch: Disabled
 Parallel Workers: 8
 Concurrent Workers: 2
 Concurrent Refinement Workers: 8
 Periodic GC: Disabled

Heap:
 garbage-first heap   total 102400K, used 68631K [0x0000000703200000, 0x0000000800000000)
  region size 2048K, 21 young (43008K), 2 survivors (4096K)
 Metaspace       used 69939K, committed 71040K, reserved 1114112K
  class space    used 9246K, committed 9792K, reserved 1048576K

Heap Regions: E=young(eden), S=young(survivor), O=old, HS=humongous(starts), HC=humongous(continues), CS=collection set, F=free, OA=open archive, CA=closed archive, TAMS=top-at-mark-start (previous, next)
|   0|0x0000000703200000, 0x0000000703400000, 0x0000000703400000|100%| O|  |TAMS 0x0000000703400000, 0x0000000703200000| Untracked 
|   1|0x0000000703400000, 0x00000007035fffe0, 0x0000000703600000| 99%| O|  |TAMS 0x00000007035fffe0, 0x0000000703400000| Untracked 
|   2|0x0000000703600000, 0x00000007037fffd0, 0x0000000703800000| 99%| O|  |TAMS 0x00000007037fffd0, 0x0000000703600000| Untracked 
|   3|0x0000000703800000, 0x0000000703a00000, 0x0000000703a00000|100%| O|  |TAMS 0x0000000703a00000, 0x0000000703800000| Untracked 
|   4|0x0000000703a00000, 0x0000000703bffff0, 0x0000000703c00000| 99%| O|  |TAMS 0x0000000703bffff0, 0x0000000703a00000| Untracked 
|   5|0x0000000703c00000, 0x0000000703dffff8, 0x0000000703e00000| 99%| O|  |TAMS 0x0000000703dffff8, 0x0000000703c00000| Untracked 
|   6|0x0000000703e00000, 0x0000000703ffffe0, 0x0000000704000000| 99%| O|  |TAMS 0x0000000703ffffe0, 0x0000000703e00000| Untracked 
|   7|0x0000000704000000, 0x0000000704200000, 0x0000000704200000|100%| O|  |TAMS 0x0000000704200000, 0x0000000704000000| Untracked 
|   8|0x0000000704200000, 0x00000007043fffe8, 0x0000000704400000| 99%| O|  |TAMS 0x00000007043fffe8, 0x0000000704200000| Untracked 
|   9|0x0000000704400000, 0x00000007045ffff0, 0x0000000704600000| 99%| O|  |TAMS 0x0000000704400000, 0x0000000704400000| Untracked 
|  10|0x0000000704600000, 0x00000007047ffff0, 0x0000000704800000| 99%| O|  |TAMS 0x00000007047ffff0, 0x0000000704600000| Untracked 
|  11|0x0000000704800000, 0x00000007049fffe8, 0x0000000704a00000| 99%| O|  |TAMS 0x00000007049fffe8, 0x0000000704800000| Untracked 
|  12|0x0000000704a00000, 0x0000000704bffff8, 0x0000000704c00000| 99%| O|  |TAMS 0x0000000704a00000, 0x0000000704a00000| Untracked 
|  13|0x0000000704c00000, 0x0000000704dec008, 0x0000000704e00000| 96%| O|  |TAMS 0x0000000704c00000, 0x0000000704c00000| Untracked 
|  14|0x0000000704e00000, 0x0000000704e50350, 0x0000000705000000| 15%| O|  |TAMS 0x0000000704e00000, 0x0000000704e00000| Untracked 
|  15|0x0000000705000000, 0x0000000705000000, 0x0000000705200000|  0%| F|  |TAMS 0x0000000705000000, 0x0000000705000000| Untracked 
|  16|0x0000000705200000, 0x0000000705200000, 0x0000000705400000|  0%| F|  |TAMS 0x0000000705200000, 0x0000000705200000| Untracked 
|  17|0x0000000705400000, 0x0000000705400000, 0x0000000705600000|  0%| F|  |TAMS 0x0000000705400000, 0x0000000705400000| Untracked 
|  18|0x0000000705600000, 0x0000000705600000, 0x0000000705800000|  0%| F|  |TAMS 0x0000000705600000, 0x0000000705600000| Untracked 
|  19|0x0000000705800000, 0x0000000705800000, 0x0000000705a00000|  0%| F|  |TAMS 0x0000000705800000, 0x0000000705800000| Untracked 
|  20|0x0000000705a00000, 0x0000000705a00000, 0x0000000705c00000|  0%| F|  |TAMS 0x0000000705a00000, 0x0000000705a00000| Untracked 
|  21|0x0000000705c00000, 0x0000000705c00000, 0x0000000705e00000|  0%| F|  |TAMS 0x0000000705c00000, 0x0000000705c00000| Untracked 
|  22|0x0000000705e00000, 0x0000000705e00000, 0x0000000706000000|  0%| F|  |TAMS 0x0000000705e00000, 0x0000000705e00000| Untracked 
|  23|0x0000000706000000, 0x000000070606d3c8, 0x0000000706200000| 21%| S|CS|TAMS 0x0000000706000000, 0x0000000706000000| Complete 
|  24|0x0000000706200000, 0x0000000706400000, 0x0000000706400000|100%| S|CS|TAMS 0x0000000706200000, 0x0000000706200000| Complete 
|  25|0x0000000706400000, 0x0000000706400000, 0x0000000706600000|  0%| F|  |TAMS 0x0000000706400000, 0x0000000706400000| Untracked 
|  26|0x0000000706600000, 0x0000000706600000, 0x0000000706800000|  0%| F|  |TAMS 0x0000000706600000, 0x0000000706600000| Untracked 
|  27|0x0000000706800000, 0x0000000706802d58, 0x0000000706a00000|  0%| O|  |TAMS 0x0000000706800000, 0x0000000706800000| Untracked 
|  28|0x0000000706a00000, 0x0000000706a00000, 0x0000000706c00000|  0%| F|  |TAMS 0x0000000706a00000, 0x0000000706a00000| Untracked 
|  29|0x0000000706c00000, 0x0000000706c00000, 0x0000000706e00000|  0%| F|  |TAMS 0x0000000706c00000, 0x0000000706c00000| Untracked 
|  30|0x0000000706e00000, 0x0000000706e5d358, 0x0000000707000000| 18%| E|  |TAMS 0x0000000706e00000, 0x0000000706e00000| Complete 
|  31|0x0000000707000000, 0x0000000707200000, 0x0000000707200000|100%| E|CS|TAMS 0x0000000707000000, 0x0000000707000000| Complete 
|  32|0x0000000707200000, 0x0000000707400000, 0x0000000707400000|100%| E|CS|TAMS 0x0000000707200000, 0x0000000707200000| Complete 
|  33|0x0000000707400000, 0x0000000707600000, 0x0000000707600000|100%| E|CS|TAMS 0x0000000707400000, 0x0000000707400000| Complete 
|  34|0x0000000707600000, 0x00000007076599f8, 0x0000000707800000| 17%| O|  |TAMS 0x0000000707600000, 0x0000000707600000| Untracked 
|  35|0x0000000707800000, 0x0000000707a00000, 0x0000000707a00000|100%| E|CS|TAMS 0x0000000707800000, 0x0000000707800000| Complete 
|  36|0x0000000707a00000, 0x0000000707c00000, 0x0000000707c00000|100%| E|CS|TAMS 0x0000000707a00000, 0x0000000707a00000| Complete 
|  37|0x0000000707c00000, 0x0000000707e00000, 0x0000000707e00000|100%| E|CS|TAMS 0x0000000707c00000, 0x0000000707c00000| Complete 
|  38|0x0000000707e00000, 0x0000000708000000, 0x0000000708000000|100%| E|CS|TAMS 0x0000000707e00000, 0x0000000707e00000| Complete 
|  39|0x0000000708000000, 0x0000000708200000, 0x0000000708200000|100%| E|CS|TAMS 0x0000000708000000, 0x0000000708000000| Complete 
|  40|0x0000000708200000, 0x0000000708400000, 0x0000000708400000|100%| E|CS|TAMS 0x0000000708200000, 0x0000000708200000| Complete 
|  41|0x0000000708400000, 0x0000000708600000, 0x0000000708600000|100%| E|CS|TAMS 0x0000000708400000, 0x0000000708400000| Complete 
|  42|0x0000000708600000, 0x0000000708800000, 0x0000000708800000|100%| E|CS|TAMS 0x0000000708600000, 0x0000000708600000| Complete 
|  43|0x0000000708800000, 0x0000000708a00000, 0x0000000708a00000|100%| E|CS|TAMS 0x0000000708800000, 0x0000000708800000| Complete 
|  44|0x0000000708a00000, 0x0000000708c00000, 0x0000000708c00000|100%| E|CS|TAMS 0x0000000708a00000, 0x0000000708a00000| Complete 
|  45|0x0000000708c00000, 0x0000000708e00000, 0x0000000708e00000|100%| E|CS|TAMS 0x0000000708c00000, 0x0000000708c00000| Complete 
|  46|0x0000000708e00000, 0x0000000709000000, 0x0000000709000000|100%| E|CS|TAMS 0x0000000708e00000, 0x0000000708e00000| Complete 
|  47|0x0000000709000000, 0x0000000709200000, 0x0000000709200000|100%| E|CS|TAMS 0x0000000709000000, 0x0000000709000000| Complete 
|  48|0x0000000709200000, 0x0000000709400000, 0x0000000709400000|100%| E|CS|TAMS 0x0000000709200000, 0x0000000709200000| Complete 
|  49|0x0000000709400000, 0x0000000709600000, 0x0000000709600000|100%| E|CS|TAMS 0x0000000709400000, 0x0000000709400000| Complete 

Card table byte_map: [0x0000016ba3770000,0x0000016ba3f60000] _byte_map_base: 0x0000016b9ff57000

Marking Bits (Prev, Next): (CMBitMap*) 0x0000016b985d03e0, (CMBitMap*) 0x0000016b985d0420
 Prev Bits: [0x0000016ba4750000, 0x0000016ba8688000)
 Next Bits: [0x0000016ba8690000, 0x0000016bac5c8000)

Polling page: 0x0000016b962d0000

Metaspace:

Usage:
  Non-class:     59.27 MB used.
      Class:      9.03 MB used.
       Both:     68.30 MB used.

Virtual space:
  Non-class space:       64.00 MB reserved,      59.81 MB ( 93%) committed,  1 nodes.
      Class space:        1.00 GB reserved,       9.56 MB ( <1%) committed,  1 nodes.
             Both:        1.06 GB reserved,      69.38 MB (  6%) committed. 

Chunk freelists:
   Non-Class:  3.97 MB
       Class:  2.48 MB
        Both:  6.44 MB

MaxMetaspaceSize: unlimited
CompressedClassSpaceSize: 1.00 GB
Initial GC threshold: 21.00 MB
Current GC threshold: 115.31 MB
CDS: on
MetaspaceReclaimPolicy: balanced
 - commit_granule_bytes: 65536.
 - commit_granule_words: 8192.
 - virtual_space_node_default_size: 8388608.
 - enlarge_chunks_in_place: 1.
 - new_chunks_are_fully_committed: 0.
 - uncommit_free_chunks: 1.
 - use_allocation_guard: 0.


Internal statistics:

num_allocs_failed_limit: 6.
num_arena_births: 1724.
num_arena_deaths: 804.
num_vsnodes_births: 2.
num_vsnodes_deaths: 0.
num_space_committed: 1110.
num_space_uncommitted: 0.
num_chunks_returned_to_freelist: 976.
num_chunks_taken_from_freelist: 4940.
num_chunk_merges: 245.
num_chunk_splits: 2961.
num_chunks_enlarged: 2142.
num_inconsistent_stats: 0.

CodeCache: size=49152Kb used=29569Kb max_used=31106Kb free=19582Kb
 bounds [0x0000016b9fe70000, 0x0000016ba1d00000, 0x0000016ba2e70000]
 total_blobs=16042 nmethods=15399 adapters=569
 compilation: enabled
              stopped_count=0, restarted_count=0
 full_count=0

Compilation events (20 events):
Event: 11613.846 Thread 0x0000016baef79d00 15390       1       org.springframework.data.jpa.util.JpaMetamodel$$Lambda$778/0x00000008012e2928::<init> (10 bytes)
Event: 11613.846 Thread 0x0000016baef79d00 nmethod 15390 0x0000016ba1a83b10 code [0x0000016ba1a83ca0, 0x0000016ba1a83db8]
Event: 11613.846 Thread 0x0000016baef79d00 15391       1       org.springframework.data.jpa.util.JpaMetamodel$$Lambda$779/0x00000008012e2b68::apply (8 bytes)
Event: 11613.846 Thread 0x0000016baef79d00 nmethod 15391 0x0000016ba1a83790 code [0x0000016ba1a83920, 0x0000016ba1a83a68]
Event: 11613.846 Thread 0x0000016baef79d00 15392       1       org.springframework.data.jpa.util.JpaMetamodel::lambda$isSingleIdAttribute$3 (5 bytes)
Event: 11613.847 Thread 0x0000016baef79d00 nmethod 15392 0x0000016ba1a83490 code [0x0000016ba1a83620, 0x0000016ba1a836e8]
Event: 11613.847 Thread 0x0000016baef79d00 15393       1       org.springframework.data.jpa.util.JpaMetamodel::getSingularIdAttribute (40 bytes)
Event: 11613.847 Thread 0x0000016baef79d00 nmethod 15393 0x0000016ba1a82c90 code [0x0000016ba1a82e80, 0x0000016ba1a83238]
Event: 11613.851 Thread 0x0000016baef79d00 15399   !   1       org.springframework.data.repository.query.Parameters::getParameter (26 bytes)
Event: 11613.852 Thread 0x0000016baef79d00 nmethod 15399 0x0000016ba1a82790 code [0x0000016ba1a82940, 0x0000016ba1a82b58]
Event: 11613.852 Thread 0x0000016baef79d00 15394       1       org.springframework.data.jpa.repository.query.PartTreeJpaQuery::access$100 (5 bytes)
Event: 11613.852 Thread 0x0000016baef79d00 nmethod 15394 0x0000016ba1a82490 code [0x0000016ba1a82620, 0x0000016ba1a826d8]
Event: 11613.852 Thread 0x0000016baef79d00 15395       1       org.springframework.data.repository.query.parser.PartTree$Subject::isDistinct (5 bytes)
Event: 11613.852 Thread 0x0000016baef79d00 nmethod 15395 0x0000016ba1a82190 code [0x0000016ba1a82320, 0x0000016ba1a823f8]
Event: 11613.852 Thread 0x0000016baef79d00 15396       1       org.hibernate.query.criteria.internal.QueryStructure::setDistinct (6 bytes)
Event: 11613.852 Thread 0x0000016baef79d00 nmethod 15396 0x0000016ba1a81e90 code [0x0000016ba1a82020, 0x0000016ba1a820f8]
Event: 11613.852 Thread 0x0000016baef79d00 15397       1       org.springframework.data.jpa.repository.query.ParameterMetadataProvider::getEscape (5 bytes)
Event: 11613.852 Thread 0x0000016baef79d00 nmethod 15397 0x0000016ba1a81b90 code [0x0000016ba1a81d20, 0x0000016ba1a81df8]
Event: 11613.852 Thread 0x0000016baef79d00 15398       1       org.springframework.data.jpa.repository.query.JpaQueryCreator::access$000 (5 bytes)
Event: 11613.852 Thread 0x0000016baef79d00 nmethod 15398 0x0000016ba1a81890 code [0x0000016ba1a81a20, 0x0000016ba1a81ad8]

GC Heap History (20 events):
Event: 11122.688 GC heap before
{Heap before GC invocations=109 (full 29):
 garbage-first heap   total 102400K, used 76296K [0x0000000703200000, 0x0000000800000000)
  region size 2048K, 24 young (49152K), 0 survivors (0K)
 Metaspace       used 69076K, committed 70080K, reserved 1114112K
  class space    used 9171K, committed 9664K, reserved 1048576K
}
Event: 11122.690 GC heap after
{Heap after GC invocations=110 (full 29):
 garbage-first heap   total 102400K, used 31716K [0x0000000703200000, 0x0000000800000000)
  region size 2048K, 2 young (4096K), 2 survivors (4096K)
 Metaspace       used 69076K, committed 70080K, reserved 1114112K
  class space    used 9171K, committed 9664K, reserved 1048576K
}
Event: 11123.267 GC heap before
{Heap before GC invocations=110 (full 29):
 garbage-first heap   total 102400K, used 76772K [0x0000000703200000, 0x0000000800000000)
  region size 2048K, 24 young (49152K), 2 survivors (4096K)
 Metaspace       used 69292K, committed 70336K, reserved 1114112K
  class space    used 9192K, committed 9728K, reserved 1048576K
}
Event: 11123.271 GC heap after
{Heap after GC invocations=111 (full 29):
 garbage-first heap   total 102400K, used 34890K [0x0000000703200000, 0x0000000800000000)
  region size 2048K, 3 young (6144K), 3 survivors (6144K)
 Metaspace       used 69292K, committed 70336K, reserved 1114112K
  class space    used 9192K, committed 9728K, reserved 1048576K
}
Event: 11353.873 GC heap before
{Heap before GC invocations=111 (full 29):
 garbage-first heap   total 102400K, used 69706K [0x0000000703200000, 0x0000000800000000)
  region size 2048K, 21 young (43008K), 3 survivors (6144K)
 Metaspace       used 69308K, committed 70336K, reserved 1114112K
  class space    used 9194K, committed 9728K, reserved 1048576K
}
Event: 11353.915 GC heap after
{Heap after GC invocations=112 (full 30):
 garbage-first heap   total 102400K, used 29362K [0x0000000703200000, 0x0000000800000000)
  region size 2048K, 0 young (0K), 0 survivors (0K)
 Metaspace       used 69305K, committed 70336K, reserved 1114112K
  class space    used 9194K, committed 9728K, reserved 1048576K
}
Event: 11354.122 GC heap before
{Heap before GC invocations=112 (full 30):
 garbage-first heap   total 102400K, used 76466K [0x0000000703200000, 0x0000000800000000)
  region size 2048K, 24 young (49152K), 0 survivors (0K)
 Metaspace       used 69321K, committed 70400K, reserved 1114112K
  class space    used 9197K, committed 9728K, reserved 1048576K
}
Event: 11354.124 GC heap after
{Heap after GC invocations=113 (full 30):
 garbage-first heap   total 102400K, used 31727K [0x0000000703200000, 0x0000000800000000)
  region size 2048K, 2 young (4096K), 2 survivors (4096K)
 Metaspace       used 69321K, committed 70400K, reserved 1114112K
  class space    used 9197K, committed 9728K, reserved 1048576K
}
Event: 11354.784 GC heap before
{Heap before GC invocations=113 (full 30):
 garbage-first heap   total 102400K, used 78831K [0x0000000703200000, 0x0000000800000000)
  region size 2048K, 25 young (51200K), 2 survivors (4096K)
 Metaspace       used 69522K, committed 70592K, reserved 1114112K
  class space    used 9211K, committed 9728K, reserved 1048576K
}
Event: 11354.787 GC heap after
{Heap after GC invocations=114 (full 30):
 garbage-first heap   total 102400K, used 35226K [0x0000000703200000, 0x0000000800000000)
  region size 2048K, 3 young (6144K), 3 survivors (6144K)
 Metaspace       used 69522K, committed 70592K, reserved 1114112K
  class space    used 9211K, committed 9728K, reserved 1048576K
}
Event: 11460.610 GC heap before
{Heap before GC invocations=114 (full 30):
 garbage-first heap   total 102400K, used 57754K [0x0000000703200000, 0x0000000800000000)
  region size 2048K, 15 young (30720K), 3 survivors (6144K)
 Metaspace       used 69527K, committed 70592K, reserved 1114112K
  class space    used 9212K, committed 9728K, reserved 1048576K
}
Event: 11460.652 GC heap after
{Heap after GC invocations=115 (full 31):
 garbage-first heap   total 102400K, used 30306K [0x0000000703200000, 0x0000000800000000)
  region size 2048K, 0 young (0K), 0 survivors (0K)
 Metaspace       used 69515K, committed 70592K, reserved 1114112K
  class space    used 9210K, committed 9728K, reserved 1048576K
}
Event: 11460.839 GC heap before
{Heap before GC invocations=115 (full 31):
 garbage-first heap   total 102400K, used 73314K [0x0000000703200000, 0x0000000800000000)
  region size 2048K, 22 young (45056K), 0 survivors (0K)
 Metaspace       used 69530K, committed 70592K, reserved 1114112K
  class space    used 9212K, committed 9728K, reserved 1048576K
}
Event: 11460.841 GC heap after
{Heap after GC invocations=116 (full 31):
 garbage-first heap   total 102400K, used 32675K [0x0000000703200000, 0x0000000800000000)
  region size 2048K, 2 young (4096K), 2 survivors (4096K)
 Metaspace       used 69530K, committed 70592K, reserved 1114112K
  class space    used 9212K, committed 9728K, reserved 1048576K
}
Event: 11461.448 GC heap before
{Heap before GC invocations=116 (full 31):
 garbage-first heap   total 102400K, used 75683K [0x0000000703200000, 0x0000000800000000)
  region size 2048K, 23 young (47104K), 2 survivors (4096K)
 Metaspace       used 69727K, committed 70784K, reserved 1114112K
  class space    used 9226K, committed 9728K, reserved 1048576K
}
Event: 11461.451 GC heap after
{Heap after GC invocations=117 (full 31):
 garbage-first heap   total 102400K, used 35472K [0x0000000703200000, 0x0000000800000000)
  region size 2048K, 3 young (6144K), 3 survivors (6144K)
 Metaspace       used 69727K, committed 70784K, reserved 1114112K
  class space    used 9226K, committed 9728K, reserved 1048576K
}
Event: 11613.082 GC heap before
{Heap before GC invocations=117 (full 31):
 garbage-first heap   total 102400K, used 70288K [0x0000000703200000, 0x0000000800000000)
  region size 2048K, 21 young (43008K), 3 survivors (6144K)
 Metaspace       used 69744K, committed 70848K, reserved 1114112K
  class space    used 9229K, committed 9792K, reserved 1048576K
}
Event: 11613.123 GC heap after
{Heap after GC invocations=118 (full 32):
 garbage-first heap   total 102400K, used 29282K [0x0000000703200000, 0x0000000800000000)
  region size 2048K, 0 young (0K), 0 survivors (0K)
 Metaspace       used 69741K, committed 70848K, reserved 1114112K
  class space    used 9229K, committed 9792K, reserved 1048576K
}
Event: 11613.344 GC heap before
{Heap before GC invocations=118 (full 32):
 garbage-first heap   total 102400K, used 74338K [0x0000000703200000, 0x0000000800000000)
  region size 2048K, 23 young (47104K), 0 survivors (0K)
 Metaspace       used 69762K, committed 70848K, reserved 1114112K
  class space    used 9232K, committed 9792K, reserved 1048576K
}
Event: 11613.346 GC heap after
{Heap after GC invocations=119 (full 32):
 garbage-first heap   total 102400K, used 31767K [0x0000000703200000, 0x0000000800000000)
  region size 2048K, 2 young (4096K), 2 survivors (4096K)
 Metaspace       used 69762K, committed 70848K, reserved 1114112K
  class space    used 9232K, committed 9792K, reserved 1048576K
}

Deoptimization events (20 events):
Event: 11613.851 Thread 0x0000016bb7237340 DEOPT PACKING pc=0x0000016ba1aa8084 sp=0x00000001a54f9e20
Event: 11613.851 Thread 0x0000016bb7237340 DEOPT UNPACKING pc=0x0000016b9fec6763 sp=0x00000001a54f92d0 mode 1
Event: 11613.851 Thread 0x0000016bb7237340 DEOPT PACKING pc=0x0000016ba10df044 sp=0x00000001a54f9e90
Event: 11613.851 Thread 0x0000016bb7237340 DEOPT UNPACKING pc=0x0000016b9fec6763 sp=0x00000001a54f9338 mode 1
Event: 11613.851 Thread 0x0000016bb7237340 DEOPT PACKING pc=0x0000016ba1260e1c sp=0x00000001a54f9f10
Event: 11613.851 Thread 0x0000016bb7237340 DEOPT UNPACKING pc=0x0000016b9fec6763 sp=0x00000001a54f9448 mode 1
Event: 11613.854 Thread 0x0000016bb7237340 DEOPT PACKING pc=0x0000016ba058eeb4 sp=0x00000001a54fc240
Event: 11613.854 Thread 0x0000016bb7237340 DEOPT UNPACKING pc=0x0000016b9fec6763 sp=0x00000001a54fb778 mode 1
Event: 11613.854 Thread 0x0000016bb7237340 DEOPT PACKING pc=0x0000016ba05919b4 sp=0x00000001a54fc330
Event: 11613.854 Thread 0x0000016bb7237340 DEOPT UNPACKING pc=0x0000016b9fec6763 sp=0x00000001a54fb8d8 mode 1
Event: 11613.854 Thread 0x0000016bb7237340 DEOPT PACKING pc=0x0000016ba09ece0c sp=0x00000001a54fc490
Event: 11613.854 Thread 0x0000016bb7237340 DEOPT UNPACKING pc=0x0000016b9fec6763 sp=0x00000001a54fba40 mode 1
Event: 11613.854 Thread 0x0000016bb7237340 DEOPT PACKING pc=0x0000016ba058eeb4 sp=0x00000001a54fca20
Event: 11613.854 Thread 0x0000016bb7237340 DEOPT UNPACKING pc=0x0000016b9fec6763 sp=0x00000001a54fbf58 mode 1
Event: 11613.854 Thread 0x0000016bb7237340 DEOPT PACKING pc=0x0000016ba05919b4 sp=0x00000001a54fcb10
Event: 11613.854 Thread 0x0000016bb7237340 DEOPT UNPACKING pc=0x0000016b9fec6763 sp=0x00000001a54fc0b8 mode 1
Event: 11613.854 Thread 0x0000016bb7237340 DEOPT PACKING pc=0x0000016ba09ece0c sp=0x00000001a54fcc70
Event: 11613.854 Thread 0x0000016bb7237340 DEOPT UNPACKING pc=0x0000016b9fec6763 sp=0x00000001a54fc220 mode 1
Event: 11622.402 Thread 0x0000016bb7237340 DEOPT PACKING pc=0x0000016ba041457c sp=0x00000001a54fd6b0
Event: 11622.402 Thread 0x0000016bb7237340 DEOPT UNPACKING pc=0x0000016b9fec6763 sp=0x00000001a54fcb68 mode 0

Classes loaded (20 events):
Event: 11354.645 Loading class java/lang/ObjectCustomizer
Event: 11354.645 Loading class java/lang/ObjectCustomizer done
Event: 11354.646 Loading class java/lang/ObjectCustomizer
Event: 11354.646 Loading class java/lang/ObjectCustomizer done
Event: 11461.356 Loading class java/lang/ObjectCustomizer
Event: 11461.356 Loading class java/lang/ObjectCustomizer done
Event: 11461.357 Loading class java/lang/ObjectCustomizer
Event: 11461.357 Loading class java/lang/ObjectCustomizer done
Event: 11461.373 Loading class java/lang/ObjectCustomizer
Event: 11461.373 Loading class java/lang/ObjectCustomizer done
Event: 11461.373 Loading class java/lang/ObjectCustomizer
Event: 11461.373 Loading class java/lang/ObjectCustomizer done
Event: 11613.828 Loading class java/lang/ObjectCustomizer
Event: 11613.828 Loading class java/lang/ObjectCustomizer done
Event: 11613.828 Loading class java/lang/ObjectCustomizer
Event: 11613.828 Loading class java/lang/ObjectCustomizer done
Event: 11613.843 Loading class java/lang/ObjectCustomizer
Event: 11613.844 Loading class java/lang/ObjectCustomizer done
Event: 11613.844 Loading class java/lang/ObjectCustomizer
Event: 11613.844 Loading class java/lang/ObjectCustomizer done

Classes unloaded (20 events):
Event: 10932.610 Thread 0x0000016b985f1900 Unloading class 0x0000000801204c00 'java/lang/invoke/LambdaForm$MH+0x0000000801204c00'
Event: 10932.610 Thread 0x0000016b985f1900 Unloading class 0x0000000801204800 'java/lang/invoke/LambdaForm$MH+0x0000000801204800'
Event: 10932.610 Thread 0x0000016b985f1900 Unloading class 0x00000008014dc000 'java/lang/invoke/LambdaForm$MH+0x00000008014dc000'
Event: 10932.610 Thread 0x0000016b985f1900 Unloading class 0x0000000800fd1400 'java/lang/invoke/LambdaForm$MH+0x0000000800fd1400'
Event: 10932.610 Thread 0x0000016b985f1900 Unloading class 0x0000000800c0b800 'java/lang/invoke/LambdaForm$MH+0x0000000800c0b800'
Event: 10932.610 Thread 0x0000016b985f1900 Unloading class 0x0000000800c05000 'java/lang/invoke/LambdaForm$MH+0x0000000800c05000'
Event: 10940.879 Thread 0x0000016b985f1900 Unloading class 0x000000080155f000 'org/apache/catalina/loader/JdbcLeakPrevention'
Event: 10940.879 Thread 0x0000016b985f1900 Unloading class 0x000000080132b800 'org/apache/catalina/loader/JdbcLeakPrevention'
Event: 11062.485 Thread 0x0000016b985f1900 Unloading class 0x0000000801544800 'org/apache/catalina/loader/JdbcLeakPrevention'
Event: 11105.733 Thread 0x0000016b985f1900 Unloading class 0x0000000801550c00 'jdk/internal/reflect/GeneratedSerializationConstructorAccessor43'
Event: 11105.733 Thread 0x0000016b985f1900 Unloading class 0x0000000801551800 'jdk/internal/reflect/GeneratedSerializationConstructorAccessor42'
Event: 11105.733 Thread 0x0000016b985f1900 Unloading class 0x0000000801552400 'jdk/internal/reflect/GeneratedSerializationConstructorAccessor41'
Event: 11105.733 Thread 0x0000016b985f1900 Unloading class 0x0000000801550000 'org/apache/catalina/loader/JdbcLeakPrevention'
Event: 11122.461 Thread 0x0000016b985f1900 Unloading class 0x000000080153e800 'org/apache/catalina/loader/JdbcLeakPrevention'
Event: 11353.885 Thread 0x0000016b985f1900 Unloading class 0x0000000800c05000 'org/apache/catalina/loader/JdbcLeakPrevention'
Event: 11460.624 Thread 0x0000016b985f1900 Unloading class 0x0000000801575000 'jdk/internal/reflect/GeneratedSerializationConstructorAccessor46'
Event: 11460.624 Thread 0x0000016b985f1900 Unloading class 0x0000000801574c00 'jdk/internal/reflect/GeneratedSerializationConstructorAccessor45'
Event: 11460.624 Thread 0x0000016b985f1900 Unloading class 0x0000000801574800 'jdk/internal/reflect/GeneratedSerializationConstructorAccessor44'
Event: 11460.624 Thread 0x0000016b985f1900 Unloading class 0x0000000801575800 'org/apache/catalina/loader/JdbcLeakPrevention'
Event: 11613.095 Thread 0x0000016b985f1900 Unloading class 0x000000080157b800 'org/apache/catalina/loader/JdbcLeakPrevention'

Classes redefined (20 events):
Event: 3215.762 Thread 0x0000016b985f1900 redefined class name=com.sparksupport.productAndSales.productController.ProductController, count=4
Event: 3215.762 Thread 0x0000016b985f1900 redefined class name=com.sparksupport.productAndSales.productController.ProductController, count=1
Event: 3215.762 Thread 0x0000016b985f1900 redefined class name=com.sparksupport.productAndSales.productController.ProductController, count=2
Event: 3215.762 Thread 0x0000016b985f1900 redefined class name=com.sparksupport.productAndSales.productController.ProductController, count=3
Event: 3215.762 Thread 0x0000016b985f1900 redefined class name=com.sparksupport.productAndSales.productController.ProductController, count=2
Event: 3215.762 Thread 0x0000016b985f1900 redefined class name=com.sparksupport.productAndSales.productController.ProductController, count=4
Event: 3215.762 Thread 0x0000016b985f1900 redefined class name=com.sparksupport.productAndSales.productController.ProductController, count=4
Event: 3215.762 Thread 0x0000016b985f1900 redefined class name=com.sparksupport.productAndSales.productController.ProductController, count=5
Event: 3215.762 Thread 0x0000016b985f1900 redefined class name=com.sparksupport.productAndSales.productController.ProductController, count=6
Event: 3215.762 Thread 0x0000016b985f1900 redefined class name=com.sparksupport.productAndSales.productController.ProductController, count=4
Event: 3215.762 Thread 0x0000016b985f1900 redefined class name=com.sparksupport.productAndSales.productController.ProductController, count=6
Event: 3215.762 Thread 0x0000016b985f1900 redefined class name=com.sparksupport.productAndSales.productController.ProductController, count=6
Event: 3215.762 Thread 0x0000016b985f1900 redefined class name=com.sparksupport.productAndSales.productController.ProductController, count=4
Event: 3215.762 Thread 0x0000016b985f1900 redefined class name=com.sparksupport.productAndSales.productController.ProductController, count=10
Event: 3215.762 Thread 0x0000016b985f1900 redefined class name=com.sparksupport.productAndSales.productController.ProductController, count=7
Event: 3215.762 Thread 0x0000016b985f1900 redefined class name=com.sparksupport.productAndSales.productController.ProductController, count=9
Event: 10939.157 Thread 0x0000016b985f1900 redefined class name=com.sparksupport.productAndSales.service.SaleService, count=1
Event: 10939.157 Thread 0x0000016b985f1900 redefined class name=com.sparksupport.productAndSales.service.SaleService, count=1
Event: 10939.157 Thread 0x0000016b985f1900 redefined class name=com.sparksupport.productAndSales.service.SaleService, count=1
Event: 11622.424 Thread 0x0000016b985f1900 redefined class name=com.sparksupport.productAndSales.productController.SaleController, count=1

Internal exceptions (20 events):
Event: 11613.525 Thread 0x0000016bb7237340 Implicit null exception at 0x0000016ba04c9a65 to 0x0000016ba04c9db0
Event: 11613.525 Thread 0x0000016bb7237340 Exception <a 'java/lang/NullPointerException'{0x00000007087dd738}> (0x00000007087dd738) 
thrown [s\open\src\hotspot\share\runtime\sharedRuntime.cpp, line 625]
Event: 11613.526 Thread 0x0000016bb7237340 Implicit null exception at 0x0000016ba04c9a65 to 0x0000016ba04c9db0
Event: 11613.526 Thread 0x0000016bb7237340 Exception <a 'java/lang/NullPointerException'{0x00000007087de5b8}> (0x00000007087de5b8) 
thrown [s\open\src\hotspot\share\runtime\sharedRuntime.cpp, line 625]
Event: 11613.526 Thread 0x0000016bb7237340 Implicit null exception at 0x0000016ba04c9a65 to 0x0000016ba04c9db0
Event: 11613.526 Thread 0x0000016bb7237340 Exception <a 'java/lang/NullPointerException'{0x00000007087df438}> (0x00000007087df438) 
thrown [s\open\src\hotspot\share\runtime\sharedRuntime.cpp, line 625]
Event: 11613.526 Thread 0x0000016bb7237340 Implicit null exception at 0x0000016ba04c9a65 to 0x0000016ba04c9db0
Event: 11613.526 Thread 0x0000016bb7237340 Exception <a 'java/lang/NullPointerException'{0x00000007087e0230}> (0x00000007087e0230) 
thrown [s\open\src\hotspot\share\runtime\sharedRuntime.cpp, line 625]
Event: 11613.526 Thread 0x0000016bb7237340 Implicit null exception at 0x0000016ba04c9a65 to 0x0000016ba04c9db0
Event: 11613.526 Thread 0x0000016bb7237340 Exception <a 'java/lang/NullPointerException'{0x00000007087e10b8}> (0x00000007087e10b8) 
thrown [s\open\src\hotspot\share\runtime\sharedRuntime.cpp, line 625]
Event: 11613.526 Thread 0x0000016bb7237340 Implicit null exception at 0x0000016ba04c9a65 to 0x0000016ba04c9db0
Event: 11613.526 Thread 0x0000016bb7237340 Exception <a 'java/lang/NullPointerException'{0x00000007087e1f38}> (0x00000007087e1f38) 
thrown [s\open\src\hotspot\share\runtime\sharedRuntime.cpp, line 625]
Event: 11613.526 Thread 0x0000016bb7237340 Implicit null exception at 0x0000016ba04c9a65 to 0x0000016ba04c9db0
Event: 11613.526 Thread 0x0000016bb7237340 Exception <a 'java/lang/NullPointerException'{0x00000007087e3320}> (0x00000007087e3320) 
thrown [s\open\src\hotspot\share\runtime\sharedRuntime.cpp, line 625]
Event: 11613.526 Thread 0x0000016bb7237340 Implicit null exception at 0x0000016ba04c9a65 to 0x0000016ba04c9db0
Event: 11613.526 Thread 0x0000016bb7237340 Exception <a 'java/lang/NullPointerException'{0x00000007087e46b0}> (0x00000007087e46b0) 
thrown [s\open\src\hotspot\share\runtime\sharedRuntime.cpp, line 625]
Event: 11613.828 Thread 0x0000016bb7237340 Exception <a 'java/lang/ClassNotFoundException'{0x0000000707ce6570}: java/lang/ObjectCustomizer> (0x0000000707ce6570) 
thrown [s\open\src\hotspot\share\classfile\systemDictionary.cpp, line 255]
Event: 11613.828 Thread 0x0000016bb7237340 Exception <a 'java/lang/ClassNotFoundException'{0x0000000707cef198}: com/sparksupport/productAndSales/dto/ProductCustomizer> (0x0000000707cef198) 
thrown [s\open\src\hotspot\share\classfile\systemDictionary.cpp, line 255]
Event: 11613.844 Thread 0x0000016bb7237340 Exception <a 'java/lang/ClassNotFoundException'{0x0000000707940db0}: java/lang/ObjectCustomizer> (0x0000000707940db0) 
thrown [s\open\src\hotspot\share\classfile\systemDictionary.cpp, line 255]
Event: 11613.844 Thread 0x0000016bb7237340 Exception <a 'java/lang/ClassNotFoundException'{0x0000000707948ce8}: com/sparksupport/productAndSales/dto/SaleCustomizer> (0x0000000707948ce8) 
thrown [s\open\src\hotspot\share\classfile\systemDictionary.cpp, line 255]

VM Operations (20 events):
Event: 11614.034 Executing VM operation: GetObjectMonitorUsage
Event: 11614.034 Executing VM operation: GetObjectMonitorUsage done
Event: 11614.034 Executing VM operation: get/set locals
Event: 11614.034 Executing VM operation: get/set locals done
Event: 11614.034 Executing VM operation: GetObjectMonitorUsage
Event: 11614.034 Executing VM operation: GetObjectMonitorUsage done
Event: 11614.034 Executing VM operation: get/set locals
Event: 11614.035 Executing VM operation: get/set locals done
Event: 11614.035 Executing VM operation: get/set locals
Event: 11614.035 Executing VM operation: get/set locals done
Event: 11614.036 Executing VM operation: get/set locals
Event: 11614.036 Executing VM operation: get/set locals done
Event: 11622.401 Executing VM operation: ChangeSingleStep
Event: 11622.402 Executing VM operation: ChangeSingleStep done
Event: 11622.402 Executing VM operation: ChangeSingleStep
Event: 11622.402 Executing VM operation: ChangeSingleStep done
Event: 11622.413 Executing VM operation: RedefineClasses
Event: 11622.441 Executing VM operation: RedefineClasses done
Event: 11622.442 Executing VM operation: ChangeSingleStep
Event: 11622.442 Executing VM operation: ChangeSingleStep done

Events (20 events):
Event: 11613.081 Thread 0x0000016bb63be6e0 Thread exited: 0x0000016bb63be6e0
Event: 11613.081 Thread 0x0000016bb63c1700 Thread exited: 0x0000016bb63c1700
Event: 11613.081 Thread 0x0000016bb63bd870 Thread exited: 0x0000016bb63bd870
Event: 11613.081 Thread 0x0000016bb4616a20 Thread exited: 0x0000016bb4616a20
Event: 11613.081 Thread 0x0000016bb4614d40 Thread exited: 0x0000016bb4614d40
Event: 11613.081 Thread 0x0000016bb4614870 Thread exited: 0x0000016bb4614870
Event: 11613.124 Thread 0x0000016bb7238680 Thread exited: 0x0000016bb7238680
Event: 11613.124 Thread 0x0000016bb46143a0 Thread exited: 0x0000016bb46143a0
Event: 11613.124 Thread 0x0000016bb72364d0 Thread added: 0x0000016bb72364d0
Event: 11613.124 Thread 0x0000016bb72364d0 Thread exited: 0x0000016bb72364d0
Event: 11613.124 Thread 0x0000016bb7237340 Thread added: 0x0000016bb7237340
Event: 11613.162 Thread 0x0000016bb7237810 Thread added: 0x0000016bb7237810
Event: 11613.178 Thread 0x0000016bb7237810 Thread exited: 0x0000016bb7237810
Event: 11613.519 Thread 0x0000016bb7238b50 Thread added: 0x0000016bb7238b50
Event: 11613.519 Thread 0x0000016bb7234cc0 Thread added: 0x0000016bb7234cc0
Event: 11613.519 Thread 0x0000016bb72369a0 Thread added: 0x0000016bb72369a0
Event: 11613.637 Thread 0x0000016bb72394f0 Thread added: 0x0000016bb72394f0
Event: 11613.638 Thread 0x0000016bb7237ce0 Thread added: 0x0000016bb7237ce0
Event: 11613.739 Thread 0x0000016bb7235190 Thread added: 0x0000016bb7235190
Event: 11619.569 Thread 0x0000016bb7235190 Thread exited: 0x0000016bb7235190


Dynamic libraries:
0x00007ff71ca60000 - 0x00007ff71ca70000 	C:\Program Files\Java\jdk-18.0.2.1\bin\javaw.exe
0x00007fff5e830000 - 0x00007fff5ea44000 	C:\WINDOWS\SYSTEM32\ntdll.dll
0x00007fff5e350000 - 0x00007fff5e412000 	C:\WINDOWS\System32\KERNEL32.dll
0x00007fff5b7d0000 - 0x00007fff5b8eb000 	C:\Windows\system32\hmpalert.dll
0x00007fff5bcf0000 - 0x00007fff5c093000 	C:\WINDOWS\System32\KERNELBASE.dll
0x00007fff5c0a0000 - 0x00007fff5c1b1000 	C:\WINDOWS\System32\ucrtbase.dll
0x00007fff510f0000 - 0x00007fff5110a000 	C:\Program Files\Java\jdk-18.0.2.1\bin\VCRUNTIME140.dll
0x00007fff510d0000 - 0x00007fff510e8000 	C:\Program Files\Java\jdk-18.0.2.1\bin\jli.dll
0x00007fff5ccd0000 - 0x00007fff5cd7e000 	C:\WINDOWS\System32\ADVAPI32.dll
0x00007fff5e670000 - 0x00007fff5e717000 	C:\WINDOWS\System32\msvcrt.dll
0x00007fff5e540000 - 0x00007fff5e5e4000 	C:\WINDOWS\System32\sechost.dll
0x00007fff5cf50000 - 0x00007fff5d067000 	C:\WINDOWS\System32\RPCRT4.dll
0x00007fff5dc30000 - 0x00007fff5dddb000 	C:\WINDOWS\System32\USER32.dll
0x00007fff5c2d0000 - 0x00007fff5c2f6000 	C:\WINDOWS\System32\win32u.dll
0x00007fff5c610000 - 0x00007fff5c639000 	C:\WINDOWS\System32\GDI32.dll
0x00007fff5c300000 - 0x00007fff5c419000 	C:\WINDOWS\System32\gdi32full.dll
0x00007fff5c1c0000 - 0x00007fff5c25a000 	C:\WINDOWS\System32\msvcp_win.dll
0x00007fff3f1b0000 - 0x00007fff3f43e000 	C:\WINDOWS\WinSxS\amd64_microsoft.windows.common-controls_6595b64144ccf1df_6.0.22621.1635_none_270f70857386168e\COMCTL32.dll
0x00007fff4f500000 - 0x00007fff4f50a000 	C:\WINDOWS\SYSTEM32\VERSION.dll
0x00007fff5dac0000 - 0x00007fff5daf1000 	C:\WINDOWS\System32\IMM32.DLL
0x00007fff510c0000 - 0x00007fff510cc000 	C:\Program Files\Java\jdk-18.0.2.1\bin\vcruntime140_1.dll
0x00007fff2b710000 - 0x00007fff2b79d000 	C:\Program Files\Java\jdk-18.0.2.1\bin\msvcp140.dll
0x00007ffee0600000 - 0x00007ffee1211000 	C:\Program Files\Java\jdk-18.0.2.1\bin\server\jvm.dll
0x00007fff5ccc0000 - 0x00007fff5ccc8000 	C:\WINDOWS\System32\PSAPI.DLL
0x00007fff3b3c0000 - 0x00007fff3b3c9000 	C:\WINDOWS\SYSTEM32\WSOCK32.dll
0x00007fff50600000 - 0x00007fff50634000 	C:\WINDOWS\SYSTEM32\WINMM.dll
0x00007fff5e5f0000 - 0x00007fff5e661000 	C:\WINDOWS\System32\WS2_32.dll
0x00007fff5ab60000 - 0x00007fff5ab78000 	C:\WINDOWS\SYSTEM32\kernel.appcore.dll
0x00007fff510b0000 - 0x00007fff510ba000 	C:\Program Files\Java\jdk-18.0.2.1\bin\jimage.dll
0x00007fff59170000 - 0x00007fff5939e000 	C:\WINDOWS\SYSTEM32\DBGHELP.DLL
0x00007fff5dfc0000 - 0x00007fff5e349000 	C:\WINDOWS\System32\combase.dll
0x00007fff5dde0000 - 0x00007fff5deb7000 	C:\WINDOWS\System32\OLEAUT32.dll
0x00007fff3a1a0000 - 0x00007fff3a1d2000 	C:\WINDOWS\SYSTEM32\dbgcore.DLL
0x00007fff5c590000 - 0x00007fff5c60b000 	C:\WINDOWS\System32\bcryptPrimitives.dll
0x00007fff4a1f0000 - 0x00007fff4a22b000 	C:\Program Files\Java\jdk-18.0.2.1\bin\jdwp.dll
0x00007fff510a0000 - 0x00007fff510ae000 	C:\Program Files\Java\jdk-18.0.2.1\bin\instrument.dll
0x00007fff2c310000 - 0x00007fff2c335000 	C:\Program Files\Java\jdk-18.0.2.1\bin\java.dll
0x00007fff28cd0000 - 0x00007fff28da6000 	C:\Program Files\Java\jdk-18.0.2.1\bin\jsvml.dll
0x00007fff5d2c0000 - 0x00007fff5daba000 	C:\WINDOWS\System32\SHELL32.dll
0x00007fff59b10000 - 0x00007fff5a3de000 	C:\WINDOWS\SYSTEM32\windows.storage.dll
0x00007fff599d0000 - 0x00007fff59b0e000 	C:\WINDOWS\SYSTEM32\wintypes.dll
0x00007fff5db00000 - 0x00007fff5dbf1000 	C:\WINDOWS\System32\SHCORE.dll
0x00007fff5d070000 - 0x00007fff5d0ce000 	C:\WINDOWS\System32\shlwapi.dll
0x00007fff5bb60000 - 0x00007fff5bb81000 	C:\WINDOWS\SYSTEM32\profapi.dll
0x00007fff51090000 - 0x00007fff5109c000 	C:\Program Files\Java\jdk-18.0.2.1\bin\dt_socket.dll
0x00007fff5a640000 - 0x00007fff5a66d000 	C:\WINDOWS\SYSTEM32\IPHLPAPI.DLL
0x00007fff5b030000 - 0x00007fff5b099000 	C:\WINDOWS\system32\mswsock.dll
0x00007fff5a6b0000 - 0x00007fff5a7a3000 	C:\WINDOWS\SYSTEM32\DNSAPI.dll
0x00007fff5dc00000 - 0x00007fff5dc09000 	C:\WINDOWS\System32\NSI.dll
0x00007fff4e3b0000 - 0x00007fff4e3ba000 	C:\Windows\System32\rasadhlp.dll
0x00007fff4e430000 - 0x00007fff4e4b4000 	C:\WINDOWS\System32\fwpuclnt.dll
0x00007fff4a7c0000 - 0x00007fff4a7d8000 	C:\Program Files\Java\jdk-18.0.2.1\bin\zip.dll
0x00007fff3e680000 - 0x00007fff3e693000 	C:\Program Files\Java\jdk-18.0.2.1\bin\net.dll
0x00007fff52140000 - 0x00007fff52277000 	C:\WINDOWS\SYSTEM32\WINHTTP.dll
0x00007fff32080000 - 0x00007fff32096000 	C:\Program Files\Java\jdk-18.0.2.1\bin\nio.dll
0x00007fff51080000 - 0x00007fff51089000 	C:\Program Files\Java\jdk-18.0.2.1\bin\management.dll
0x00007fff4df90000 - 0x00007fff4df9b000 	C:\Program Files\Java\jdk-18.0.2.1\bin\management_ext.dll
0x00007fff390e0000 - 0x00007fff390f7000 	C:\WINDOWS\system32\napinsp.dll
0x00007fff390c0000 - 0x00007fff390db000 	C:\WINDOWS\system32\pnrpnsp.dll
0x00007fff390a0000 - 0x00007fff390b1000 	C:\WINDOWS\System32\winrnr.dll
0x00007fff4e390000 - 0x00007fff4e3a5000 	C:\WINDOWS\system32\wshbth.dll
0x00007fff39070000 - 0x00007fff39091000 	C:\WINDOWS\system32\nlansp_c.dll
0x00007fff5b320000 - 0x00007fff5b33b000 	C:\WINDOWS\SYSTEM32\CRYPTSP.dll
0x00007fff5aad0000 - 0x00007fff5ab05000 	C:\WINDOWS\system32\rsaenh.dll
0x00007fff5b170000 - 0x00007fff5b198000 	C:\WINDOWS\SYSTEM32\USERENV.dll
0x00007fff5b4e0000 - 0x00007fff5b508000 	C:\WINDOWS\SYSTEM32\bcrypt.dll
0x00007fff5b340000 - 0x00007fff5b34c000 	C:\WINDOWS\SYSTEM32\CRYPTBASE.dll
0x00007fff51270000 - 0x00007fff51289000 	C:\WINDOWS\SYSTEM32\dhcpcsvc6.DLL
0x00007fff511a0000 - 0x00007fff511bf000 	C:\WINDOWS\SYSTEM32\dhcpcsvc.DLL
0x00007fff4de80000 - 0x00007fff4de90000 	C:\Program Files\Java\jdk-18.0.2.1\bin\verify.dll
0x00007fff49b60000 - 0x00007fff49b6e000 	C:\Program Files\Java\jdk-18.0.2.1\bin\sunmscapi.dll
0x00007fff5c420000 - 0x00007fff5c587000 	C:\WINDOWS\System32\CRYPT32.dll
0x00007fff5b4b0000 - 0x00007fff5b4de000 	C:\WINDOWS\SYSTEM32\ncrypt.dll
0x00007fff5b470000 - 0x00007fff5b4a7000 	C:\WINDOWS\SYSTEM32\NTASN1.dll

dbghelp: loaded successfully - version: 4.0.5 - missing functions: none
symbol engine: initialized successfully - sym options: 0x614 - pdb path: .;C:\Program Files\Java\jdk-18.0.2.1\bin;C:\WINDOWS\SYSTEM32;C:\WINDOWS\WinSxS\amd64_microsoft.windows.common-controls_6595b64144ccf1df_6.0.22621.1635_none_270f70857386168e;C:\Program Files\Java\jdk-18.0.2.1\bin\server

VM Arguments:
jvm_args: -XX:+ShowCodeDetailsInExceptionMessages -agentlib:jdwp=transport=dt_socket,suspend=y,address=localhost:57597 -Dcom.sun.management.jmxremote -Dcom.sun.management.jmxremote.port=57596 -Dcom.sun.management.jmxremote.authenticate=false -Dcom.sun.management.jmxremote.ssl=false -Djava.rmi.server.hostname=localhost -Dspring.jmx.enabled=true -Dspring.application.admin.enabled=true -Dserver.port=9010 -Dspring.datasource.username=postgres -Dspring.datasource.password=postgres -Dspring.config.location=D:/TEST/ -Dapp.key=letsbrakethechain -XX:TieredStopAtLevel=1 -Dspring.boot.project.name=ProductAndSales -javaagent:D:\spring-tool-suite-4-4.16.0.RELEASE-e4.25.0-win32.win32.x86_64.self-extracting\contents\sts-4.16.0.RELEASE\configuration\org.eclipse.osgi\268\0\.cp\lib\javaagent-shaded.jar -Dfile.encoding=UTF-8 
java_command: com.sparksupport.productAndSales.ProductAndSalesApplication --spring.output.ansi.enabled=always
java_class_path (initial): D:\TEST\ProductAndSales\target\classes;C:\Users\Vijay V\.m2\repository\org\springframework\boot\spring-boot-starter\2.2.6.RELEASE\spring-boot-starter-2.2.6.RELEASE.jar;C:\Users\Vijay V\.m2\repository\org\springframework\boot\spring-boot\2.2.6.RELEASE\spring-boot-2.2.6.RELEASE.jar;C:\Users\Vijay V\.m2\repository\org\springframework\spring-context\5.2.5.RELEASE\spring-context-5.2.5.RELEASE.jar;C:\Users\Vijay V\.m2\repository\org\springframework\boot\spring-boot-autoconfigure\2.2.6.RELEASE\spring-boot-autoconfigure-2.2.6.RELEASE.jar;C:\Users\Vijay V\.m2\repository\org\springframework\boot\spring-boot-starter-logging\2.2.6.RELEASE\spring-boot-starter-logging-2.2.6.RELEASE.jar;C:\Users\Vijay V\.m2\repository\ch\qos\logback\logback-classic\1.2.3\logback-classic-1.2.3.jar;C:\Users\Vijay V\.m2\repository\ch\qos\logback\logback-core\1.2.3\logback-core-1.2.3.jar;C:\Users\Vijay V\.m2\repository\org\apache\logging\log4j\log4j-to-slf4j\2.12.1\log4j-to-slf4j-2.12.1.jar;C:\Users\Vijay V\.m2\repository\org\apache\logging\log4j\log4j-api\2.12.1\log4j-api-2.12.1.jar;C:\Users\Vijay V\.m2\repository\org\slf4j\jul-to-slf4j\1.7.30\jul-to-slf4j-1.7.30.jar;C:\Users\Vijay V\.m2\repository\jakarta\annotation\jakarta.annotation-api\1.3.5\jakarta.annotation-api-1.3.5.jar;C:\Users\Vijay V\.m2\repository\org\springframework\spring-core\5.2.5.RELEASE\spring-core-5.2.5.RELEASE.jar;C:\Users\Vijay V\.m2\repository\org\springframework\spring-jcl\5.2.5.RELEASE\spring-jcl-5.2.5.RELEASE.jar;C:\Users\Vijay V\.m2\repository\org\yaml\snakeyaml\1.25\snakeyaml-1.25.jar;C:\Users\Vijay V\.m2\repository\org\springframework\boot\spring-boot-starter-aop\2.2.6.RELEASE\spring-boot-starter-aop-2.2.6.RELEASE.jar;C:\Users\Vijay V\.m2\repository\org\springframework\spring-aop\5.2.5.RELEASE\spring-aop-5.2.5.RELEASE.jar;C:\Users\Vijay V\.m2\repository\org\springframework\spring-beans\5.2.5.RELEASE\spring-beans-5.2.5.RELEASE.jar;C:\Users\Vijay V\.m2\repository\org\aspectj\aspectjweaver\1.9.5\aspectjweaver-1.9.5.jar;C:\Users\Vijay V\.m2\repository\org\springframework\boot\spring-boot-starter-tomcat\2.2.6.RELEASE\spring-boot-starter-tomcat-2.2.6.RELEASE.jar;C:\Users\Vijay V\.m2\repository\org\apache\tomcat\embed\tomcat-embed-core\9.0.33\tomcat-embed-core-9.0.33.jar;C:\Users\Vijay V\.m2\repository\org\apache\tomcat\embed\tomcat-embed-el\9.0.33\tomcat-embed-el-9.0.33.jar;C:\Users\Vijay V\.m2\repository\org\apache\tomcat\embed\tomcat-embed-websocket\9.0.33\tomcat-embed-websocket-9.0.33.jar;C:\Users\Vijay V\.m2\repository\org\springframework\boot\spring-boot-starter-data-jpa\2.2.6.RELEASE\spring-boot-starter-data-jpa-2.2.6.RELEASE.jar;C:\Users\Vijay V\.m2\repository\org\springframework\boot\spring-boot-starter-jdbc\2.2.6.RELEASE\spring-boot-starter-jdbc-2.2.6.RELEASE.jar;C:\Users\Vijay V\.m2\repository\com\zaxxer\HikariCP\3.4.2\HikariCP-3.4.2.jar;C:\Users\Vijay V\.m2\repository\org\springframework\spring-jdbc\5.2.5.RELEASE\spring-jdbc-5.2.5.RELEASE.jar;C:\Users\Vijay V\.m2\repository\jakarta\activation\jakarta.activation-api\1.2.2\jakarta.activation-api-1.2.2.jar;C:\Users\Vijay V\.m2\repository\jakarta\persistence\jakarta.persistence-api\2.2.3\jakarta.persistence-api-2.2.3.jar;C:\Users\Vijay V\.m2\repository\jakarta\transaction\jakarta.transaction-api\1.3.3\jakarta.transaction-api-1.3.3.jar;C:\Users\Vijay V\.m2\repository\org\hibernate\hibernate-core\5.4.12.Final\hibernate-core-5.4.12.Final.jar;C:\Users\Vijay V\.m2\repository\org\jboss\logging\jboss-logging\3.4.1.Final\jboss-logging-3.4.1.Final.jar;C:\Users\Vijay V\.m2\repository\org\javassist\javassist\3.24.0-GA\javassist-3.24.0-GA.jar;C:\Users\Vijay V\.m2\repository\net\bytebuddy\byte-buddy\1.10.8\byte-buddy-1.10.8.jar;C:\Users\Vijay V\.m2\repository\antlr\antlr\2.7.7\antlr-2.7.7.jar;C:\Users\Vijay V\.m2\repository\org\jboss\jandex\2.1.1.Final\jandex-2.1.1.Final.jar;C:\Users\Vijay V\.m2\repository\org\dom4j\dom4j\2.1.1\dom4j-2.1.1.jar;C:\Users\Vijay V\.m2\repository\org\hibernate\common\hibernate-commons-annotations\5.1.0.Final\hibernate-commons-annotations-5.1.0.Final.jar;C:\Users\Vijay V\.m2\repository\org\glassfish\jaxb\jaxb-runtime\2.3.2\jaxb-runtime-2.3.2.jar;C:\Users\Vijay V\.m2\repository\org\glassfish\jaxb\txw2\2.3.2\txw2-2.3.2.jar;C:\Users\Vijay V\.m2\repository\com\sun\istack\istack-commons-runtime\3.0.8\istack-commons-runtime-3.0.8.jar;C:\Users\Vijay V\.m2\repository\com\sun\xml\fastinfoset\FastInfoset\1.2.16\FastInfoset-1.2.16.jar;C:\Users\Vijay V\.m2\repository\org\springframework\data\spring-data-jpa\2.2.6.RELEASE\spring-data-jpa-2.2.6.RELEASE.jar;C:\Users\Vijay V\.m2\repository\org\springframework\data\spring-data-commons\2.2.6.RELEASE\spring-data-commons-2.2.6.RELEASE.jar;C:\Users\Vijay V\.m2\repository\org\springframework\spring-orm\5.2.5.RELEASE\spring-orm-5.2.5.RELEASE.jar;C:\Users\Vijay V\.m2\repository\org\springframework\spring-tx\5.2.5.RELEASE\spring-tx-5.2.5.RELEASE.jar;C:\Users\Vijay V\.m2\repository\org\springframework\spring-aspects\5.2.5.RELEASE\spring-aspects-5.2.5.RELEASE.jar;C:\Users\Vijay V\.m2\repository\org\springframework\boot\spring-boot-starter-web\2.2.6.RELEASE\spring-boot-starter-web-2.2.6.RELEASE.jar;C:\Users\Vijay V\.m2\repository\org\springframework\boot\spring-boot-starter-json\2.2.6.RELEASE\spring-boot-starter-json-2.2.6.RELEASE.jar;C:\Users\Vijay V\.m2\repository\com\fasterxml\jackson\core\jackson-databind\2.10.3\jackson-databind-2.10.3.jar;C:\Users\Vijay V\.m2\repository\com\fasterxml\jackson\core\jackson-annotations\2.10.3\jackson-annotations-2.10.3.jar;C:\Users\Vijay V\.m2\repository\com\fasterxml\jackson\core\jackson-core\2.10.3\jackson-core-2.10.3.jar;C:\Users\Vijay V\.m2\repository\com\fasterxml\jackson\datatype\jackson-datatype-jdk8\2.10.3\jackson-datatype-jdk8-2.10.3.jar;C:\Users\Vijay V\.m2\repository\com\fasterxml\jackson\datatype\jackson-datatype-jsr310\2.10.3\jackson-datatype-jsr310-2.10.3.jar;C:\Users\Vijay V\.m2\repository\com\fasterxml\jackson\module\jackson-module-parameter-names\2.10.3\jackson-module-parameter-names-2.10.3.jar;C:\Users\Vijay V\.m2\repository\org\springframework\boot\spring-boot-starter-validation\2.2.6.RELEASE\spring-boot-starter-validation-2.2.6.RELEASE.jar;C:\Users\Vijay V\.m2\repository\jakarta\validation\jakarta.validation-api\2.0.2\jakarta.validation-api-2.0.2.jar;C:\Users\Vijay V\.m2\repository\org\hibernate\validator\hibernate-validator\6.0.18.Final\hibernate-validator-6.0.18.Final.jar;C:\Users\Vijay V\.m2\repository\org\springframework\spring-web\5.2.5.RELEASE\spring-web-5.2.5.RELEASE.jar;C:\Users\Vijay V\.m2\repository\org\springframework\spring-webmvc\5.2.5.RELEASE\spring-webmvc-5.2.5.RELEASE.jar;C:\Users\Vijay V\.m2\repository\org\springframework\spring-expression\5.2.5.RELEASE\spring-expression-5.2.5.RELEASE.jar;C:\Users\Vijay V\.m2\repository\io\springfox\springfox-boot-starter\3.0.0\springfox-boot-starter-3.0.0.jar;C:\Users\Vijay V\.m2\repository\io\springfox\springfox-oas\3.0.0\springfox-oas-3.0.0.jar;C:\Users\Vijay V\.m2\repository\io\swagger\core\v3\swagger-annotations\2.1.2\swagger-annotations-2.1.2.jar;C:\Users\Vijay V\.m2\repository\io\swagger\core\v3\swagger-models\2.1.2\swagger-models-2.1.2.jar;C:\Users\Vijay V\.m2\repository\io\springfox\springfox-spi\3.0.0\springfox-spi-3.0.0.jar;C:\Users\Vijay V\.m2\repository\io\springfox\springfox-schema\3.0.0\springfox-schema-3.0.0.jar;C:\Users\Vijay V\.m2\repository\io\springfox\springfox-core\3.0.0\springfox-core-3.0.0.jar;C:\Users\Vijay V\.m2\repository\io\springfox\springfox-spring-web\3.0.0\springfox-spring-web-3.0.0.jar;C:\Users\Vijay V\.m2\repository\io\github\classgraph\classgraph\4.8.83\classgraph-4.8.83.jar;C:\Users\Vijay V\.m2\repository\io\springfox\springfox-spring-webmvc\3.0.0\springfox-spring-webmvc-3.0.0.jar;C:\Users\Vijay V\.m2\repository\io\springfox\springfox-spring-webflux\3.0.0\springfox-spring-webflux-3.0.0.jar;C:\Users\Vijay V\.m2\repository\io\springfox\springfox-swagger-common\3.0.0\springfox-swagger-common-3.0.0.jar;C:\Users\Vijay V\.m2\repository\org\mapstruct\mapstruct\1.3.1.Final\mapstruct-1.3.1.Final.jar;C:\Users\Vijay V\.m2\repository\io\springfox\springfox-data-rest\3.0.0\springfox-data-rest-3.0.0.jar;C:\Users\Vijay V\.m2\repository\io\springfox\springfox-bean-validators\3.0.0\springfox-bean-validators-3.0.0.jar;C:\Users\Vijay V\.m2\repository\io\springfox\springfox-swagger2\3.0.0\springfox-swagger2-3.0.0.jar;C:\Users\Vijay V\.m2\repository\io\swagger\swagger-annotations\1.5.20\swagger-annotations-1.5.20.jar;C:\Users\Vijay V\.m2\repository\io\swagger\swagger-models\1.5.20\swagger-models-1.5.20.jar;C:\Users\Vijay V\.m2\repository\io\springfox\springfox-swagger-ui\3.0.0\springfox-swagger-ui-3.0.0.jar;C:\Users\Vijay V\.m2\repository\com\fasterxml\classmate\1.5.1\classmate-1.5.1.jar;C:\Users\Vijay V\.m2\repository\org\slf4j\slf4j-api\1.7.30\slf4j-api-1.7.30.jar;C:\Users\Vijay V\.m2\repository\org\springframework\plugin\spring-plugin-core\2.0.0.RELEASE\spring-plugin-core-2.0.0.RELEASE.jar;C:\Users\Vijay V\.m2\repository\org\springframework\plugin\spring-plugin-metadata\2.0.0.RELEASE\spring-plugin-metadata-2.0.0.RELEASE.jar;C:\Users\Vijay V\.m2\repository\org\apache\cxf\cxf-rt-rs-service-description-swagger\3.3.6\cxf-rt-rs-service-description-swagger-3.3.6.jar;C:\Users\Vijay V\.m2\repository\org\apache\cxf\cxf-rt-frontend-jaxrs\3.3.6\cxf-rt-frontend-jaxrs-3.3.6.jar;C:\Users\Vijay V\.m2\repository\org\apache\cxf\cxf-core\3.3.6\cxf-core-3.3.6.jar;C:\Users\Vijay V\.m2\repository\com\fasterxml\woodstox\woodstox-core\5.0.3\woodstox-core-5.0.3.jar;C:\Users\Vijay V\.m2\repository\org\codehaus\woodstox\stax2-api\3.1.4\stax2-api-3.1.4.jar;C:\Users\Vijay V\.m2\repository\org\apache\ws\xmlschema\xmlschema-core\2.2.5\xmlschema-core-2.2.5.jar;C:\Users\Vijay V\.m2\repository\jakarta\ws\rs\jakarta.ws.rs-api\2.1.6\jakarta.ws.rs-api-2.1.6.jar;C:\Users\Vijay V\.m2\repository\org\apache\cxf\cxf-rt-transports-http\3.3.6\cxf-rt-transports-http-3.3.6.jar;C:\Users\Vijay V\.m2\repository\org\apache\cxf\cxf-rt-security\3.3.6\cxf-rt-security-3.3.6.jar;C:\Users\Vijay V\.m2\repository\org\apache\cxf\cxf-rt-rs-service-description-common-openapi\3.3.6\cxf-rt-rs-service-description-common-openapi-3.3.6.jar;C:\Users\Vijay V\.m2\repository\org\apache\cxf\cxf-rt-rs-service-description-swagger-ui\3.3.6\cxf-rt-rs-service-description-swagger-ui-3.3.6.jar;C:\Users\Vijay V\.m2\repository\io\swagger\swagger-jaxrs\1.5.24\swagger-jaxrs-1.5.24.jar;C:\Users\Vijay V\.m2\repository\io\swagger\swagger-core\1.5.24\swagger-core-1.5.24.jar;C:\Users\Vijay V\.m2\repository\org\apache\commons\commons-lang3\3.9\commons-lang3-3.9.jar;C:\Users\Vijay V\.m2\repository\com\fasterxml\jackson\dataformat\jackson-dataformat-yaml\2.10.3\jackson-dataformat-yaml-2.10.3.jar;C:\Users\Vijay V\.m2\repository\javax\validation\validation-api\2.0.1.Final\validation-api-2.0.1.Final.jar;C:\Users\Vijay V\.m2\repository\org\reflections\reflections\0.9.11\reflections-0.9.11.jar;C:\Users\Vijay V\.m2\repository\com\google\guava\guava\27.0.1-android\guava-27.0.1-android.jar;C:\Users\Vijay V\.m2\repository\com\google\guava\failureaccess\1.0.1\failureaccess-1.0.1.jar;C:\Users\Vijay V\.m2\repository\com\google\guava\listenablefuture\9999.0-empty-to-avoid-conflict-with-guava\listenablefuture-9999.0-empty-to-avoid-conflict-with-guava.jar;C:\Users\Vijay V\.m2\repository\com\google\code\findbugs\jsr305\3.0.2\jsr305-3.0.2.jar;C:\Users\Vijay V\.m2\repository\org\checkerframework\checker-compat-qual\2.5.2\checker-compat-qual-2.5.2.jar;C:\Users\Vijay V\.m2\repository\com\google\errorprone\error_prone_annotations\2.2.0\error_prone_annotations-2.2.0.jar;C:\Users\Vijay V\.m2\repository\com\google\j2objc\j2objc-annotations\1.1\j2objc-annotations-1.1.jar;C:\Users\Vijay V\.m2\repository\org\codehaus\mojo\animal-sniffer-annotations\1.17\animal-sniffer-annotations-1.17.jar;C:\Users\Vijay V\.m2\repository\javax\annotation\javax.annotation-api\1.3.2\javax.annotation-api-1.3.2.jar;C:\Users\Vijay V\.m2\repository\javax\xml\ws\jaxws-api\2.3.1\jaxws-api-2.3.1.jar;C:\Users\Vijay V\.m2\repository\javax\xml\soap\javax.xml.soap-api\1.4.0\javax.xml.soap-api-1.4.0.jar;C:\Users\Vijay V\.m2\repository\com\sun\activation\javax.activation\1.2.0\javax.activation-1.2.0.jar;C:\Users\Vijay V\.m2\repository\org\apache\geronimo\specs\geronimo-ws-metadata_2.0_spec\1.1.3\geronimo-ws-metadata_2.0_spec-1.1.3.jar;C:\Users\Vijay V\.m2\repository\com\sun\xml\messaging\saaj\saaj-impl\1.5.1\saaj-impl-1.5.1.jar;C:\Users\Vijay V\.m2\repository\jakarta\xml\soap\jakarta.xml.soap-api\1.4.2\jakarta.xml.soap-api-1.4.2.jar;C:\Users\Vijay V\.m2\repository\org\jvnet\mimepull\mimepull\1.9.13\mimepull-1.9.13.jar;C:\Users\Vijay V\.m2\repository\org\jvnet\staxex\stax-ex\1.8.1\stax-ex-1.8.1.jar;C:\Users\Vijay V\.m2\repository\org\jacorb\jacorb-omgapi\3.9\jacorb-omgapi-3.9.jar;C:\Users\Vijay V\.m2\repository\org\apache\geronimo\specs\geronimo-jta_1.1_spec\1.1.1\geronimo-jta_1.1_spec-1.1.1.jar;C:\Users\Vijay V\.m2\repository\org\jboss\spec\javax\rmi\jboss-rmi-api_1.0_spec\1.0.6.Final\jboss-rmi-api_1.0_spec-1.0.6.Final.jar;C:\Users\Vijay V\.m2\repository\org\postgresql\postgresql\42.2.11\postgresql-42.2.11.jar;C:\Users\Vijay V\.m2\repository\jakarta\xml\bind\jakarta.xml.bind-api\2.3.3\jakarta.xml.bind-api-2.3.3.jar;C:\Users\Vijay V\.m2\repository\org\springframework\boot\spring-boot-devtools\2.2.6.RELEASE\spring-boot-devtools-2.2.6.RELEASE.jar;C:\Users\Vijay V\.m2\repository\org\apache\httpcomponents\httpclient\4.5.12\httpclient-4.5.12.jar;C:\Users\Vijay V\.m2\repository\org\apache\httpcomponents\httpcore\4.4.13\httpcore-4.4.13.jar;C:\Users\Vijay V\.m2\repository\commons-codec\commons-codec\1.13\commons-codec-1.13.jar
Launcher Type: SUN_STANDARD

[Global flags]
     intx CICompilerCount                          = 4                                         {product} {ergonomic}
     uint ConcGCThreads                            = 2                                         {product} {ergonomic}
     uint G1ConcRefinementThreads                  = 8                                         {product} {ergonomic}
   size_t G1HeapRegionSize                         = 2097152                                   {product} {ergonomic}
    uintx GCDrainStackTargetSize                   = 64                                        {product} {ergonomic}
   size_t InitialHeapSize                          = 266338304                                 {product} {ergonomic}
     bool ManagementServer                         = true                                      {product} {command line}
   size_t MarkStackSize                            = 4194304                                   {product} {ergonomic}
   size_t MaxHeapSize                              = 4242538496                                {product} {ergonomic}
   size_t MaxNewSize                               = 2543845376                                {product} {ergonomic}
   size_t MinHeapDeltaBytes                        = 2097152                                   {product} {ergonomic}
   size_t MinHeapSize                              = 8388608                                   {product} {ergonomic}
    uintx NonProfiledCodeHeapSize                  = 0                                      {pd product} {ergonomic}
     bool ProfileInterpreter                       = false                                  {pd product} {command line}
    uintx ProfiledCodeHeapSize                     = 0                                      {pd product} {ergonomic}
     bool ShowCodeDetailsInExceptionMessages       = true                                   {manageable} {command line}
   size_t SoftMaxHeapSize                          = 4242538496                             {manageable} {ergonomic}
     intx TieredStopAtLevel                        = 1                                         {product} {command line}
     bool UseCompressedClassPointers               = true                           {product lp64_product} {ergonomic}
     bool UseCompressedOops                        = true                           {product lp64_product} {ergonomic}
     bool UseG1GC                                  = true                                      {product} {ergonomic}
     bool UseLargePagesIndividualAllocation        = false                                  {pd product} {ergonomic}

Logging:
Log output configuration:
 #0: stdout all=warning uptime,level,tags foldmultilines=false
 #1: stderr all=off uptime,level,tags foldmultilines=false

Environment Variables:
JAVA_HOME=C:\Program Files\Java\jdk-18.0.2.1
PATH=D:/spring-tool-suite-4-4.16.0.RELEASE-e4.25.0-win32.win32.x86_64.self-extracting/contents/sts-4.16.0.RELEASE//plugins/org.eclipse.justj.openjdk.hotspot.jre.full.win32.x86_64_17.0.4.v20220903-1038/jre/bin/server;D:/spring-tool-suite-4-4.16.0.RELEASE-e4.25.0-win32.win32.x86_64.self-extracting/contents/sts-4.16.0.RELEASE//plugins/org.eclipse.justj.openjdk.hotspot.jre.full.win32.x86_64_17.0.4.v20220903-1038/jre/bin;C:\Program Files\Common Files\Oracle\Java\javapath;C:\WINDOWS\system32;C:\WINDOWS;C:\WINDOWS\System32\Wbem;C:\WINDOWS\System32\WindowsPowerShell\v1.0\;C:\Program Files\apache-maven-3.8.5\bin;C:\Program Files\Java\jdk-18.0.2.1\bin;C:\WINDOWS\System32\OpenSSH\;C:\Program Files\nodejs\;C:\Program Files\Git\cmd;C:\Users\Vijay V\AppData\Local\Microsoft\WindowsApps;;C:\Users\Vijay V\AppData\Local\Programs\Microsoft VS Code\bin;C:\Users\Vijay V\AppData\Roaming\npm;D:\spring-tool-suite-4-4.16.0.RELEASE-e4.25.0-win32.win32.x86_64.self-extracting\contents\sts-4.16.0.RELEASE;
USERNAME=Vijay V
OS=Windows_NT
PROCESSOR_IDENTIFIER=Intel64 Family 6 Model 140 Stepping 1, GenuineIntel



---------------  S Y S T E M  ---------------

OS:
 Windows 11 , 64 bit Build 22621 (10.0.22621.1778)
OS uptime: 3 days 8:09 hours

CPU: total 8 (initial active 8) (4 cores per cpu, 2 threads per core) family 6 model 140 stepping 1 microcode 0x8a, cx8, cmov, fxsr, ht, mmx, 3dnowpref, sse, sse2, sse3, ssse3, sse4.1, sse4.2, popcnt, lzcnt, tsc, tscinvbit, avx, avx2, aes, erms, clmul, bmi1, bmi2, adx, avx512f, avx512dq, avx512cd, avx512bw, avx512vl, sha, fma, vzeroupper, avx512_vpopcntdq, avx512_vpclmulqdq, avx512_vaes, avx512_vnni, clflush, clflushopt, clwb, avx512_vbmi2, avx512_vbmi

Memory: 4k page, system-wide physical 16179M (2105M free)
TotalPageFile size 36659M (AvailPageFile size 11612M)
current process WorkingSet (physical memory assigned to process): 269M, peak: 322M
current process commit charge ("private bytes"): 331M, peak: 386M

vm_info: Java HotSpot(TM) 64-Bit Server VM (18.0.2.1+1-1) for windows-amd64 JRE (18.0.2.1+1-1), built on Aug 16 2022 01:46:33 by "mach5one" with MS VC++ 16.8 / 16.9 (VS2019)

END.
